<?xml version="1.0" encoding="UTF-8"?>
<robot generator="Robot 6.0.2 (Python 3.11.4 on win32)" generated="20241008 21:15:35.338" rpa="false" schemaversion="3">
<suite id="s1" name="test Login" source="C:\Users\User\Desktop\Final_Project\test_H2OProject\Test_Login\test_Login.robot">
<test id="s1-t1" name="TC6001 เข้าสู่ระบบของผู้ใช้" line="9">
<kw name="Open Browser" library="SeleniumLibrary">
<arg>${URL}</arg>
<arg>${BROWSER}</arg>
<doc>Opens a new browser instance to the optional ``url``.</doc>
<msg timestamp="20241008 21:15:35.527" level="INFO">Opening browser 'Edge' to base url 'https://h2-o-project-two.vercel.app'.</msg>
<msg timestamp="20241008 21:15:35.533" level="INFO">Executing: C:\Users\User\AppData\Local\Programs\Python\Python311\Lib\site-packages\selenium\webdriver\common\windows\selenium-manager.exe --browser edge --output json</msg>
<status status="PASS" starttime="20241008 21:15:35.527" endtime="20241008 21:15:37.378"/>
</kw>
<kw name="Maximize Browser Window" library="SeleniumLibrary">
<doc>Maximizes current browser window.</doc>
<status status="PASS" starttime="20241008 21:15:37.379" endtime="20241008 21:15:37.432"/>
</kw>
<kw name="Click GetStart" library="keywords">
<kw name="Sleep" library="BuiltIn">
<arg>5s</arg>
<doc>Pauses the test executed for the given time.</doc>
<msg timestamp="20241008 21:15:42.433" level="INFO">Slept 5 seconds</msg>
<status status="PASS" starttime="20241008 21:15:37.433" endtime="20241008 21:15:42.433"/>
</kw>
<kw name="Wait Until Element Is Visible" library="SeleniumLibrary">
<arg>${GetStart}</arg>
<arg>5s</arg>
<doc>Waits until the element ``locator`` is visible.</doc>
<status status="PASS" starttime="20241008 21:15:42.434" endtime="20241008 21:15:42.460"/>
</kw>
<kw name="Click Element" library="SeleniumLibrary">
<arg>${GetStart}</arg>
<doc>Click the element identified by ``locator``.</doc>
<msg timestamp="20241008 21:15:42.461" level="INFO">Clicking element 'id=GetStarted'.</msg>
<status status="PASS" starttime="20241008 21:15:42.460" endtime="20241008 21:15:42.515"/>
</kw>
<status status="PASS" starttime="20241008 21:15:37.433" endtime="20241008 21:15:42.516"/>
</kw>
<kw name="Input Text" library="SeleniumLibrary">
<arg>${Email}</arg>
<arg>${Email1}</arg>
<doc>Types the given ``text`` into the text field identified by ``locator``.</doc>
<msg timestamp="20241008 21:15:42.522" level="INFO">Typing text 'Payterlon@gmail.com' into text field 'name=email'.</msg>
<status status="PASS" starttime="20241008 21:15:42.521" endtime="20241008 21:15:42.673"/>
</kw>
<kw name="Input Text" library="SeleniumLibrary">
<arg>${Password}</arg>
<arg>${Password1}</arg>
<doc>Types the given ``text`` into the text field identified by ``locator``.</doc>
<msg timestamp="20241008 21:15:42.675" level="INFO">Typing text 'Guyzaza12!' into text field 'name=password'.</msg>
<status status="PASS" starttime="20241008 21:15:42.673" endtime="20241008 21:15:42.815"/>
</kw>
<kw name="Click Element" library="SeleniumLibrary">
<arg>${Login}</arg>
<doc>Click the element identified by ``locator``.</doc>
<msg timestamp="20241008 21:15:42.817" level="INFO">Clicking element 'id=Login'.</msg>
<status status="PASS" starttime="20241008 21:15:42.815" endtime="20241008 21:15:42.869"/>
</kw>
<kw name="CheckProfile" library="keywords">
<kw name="Wait Until Element Is Visible" library="SeleniumLibrary">
<arg>${Profile}</arg>
<arg>timeout=10s</arg>
<doc>Waits until the element ``locator`` is visible.</doc>
<status status="PASS" starttime="20241008 21:15:42.870" endtime="20241008 21:15:44.168"/>
</kw>
<kw name="Element Should Be Visible" library="SeleniumLibrary">
<arg>${Profile}</arg>
<doc>Verifies that the element identified by ``locator`` is visible.</doc>
<msg timestamp="20241008 21:15:44.181" level="INFO">Element 'id=avatarButton' is displayed.</msg>
<status status="PASS" starttime="20241008 21:15:44.168" endtime="20241008 21:15:44.181"/>
</kw>
<kw name="Sleep" library="BuiltIn">
<arg>3s</arg>
<doc>Pauses the test executed for the given time.</doc>
<msg timestamp="20241008 21:15:47.182" level="INFO">Slept 3 seconds</msg>
<status status="PASS" starttime="20241008 21:15:44.182" endtime="20241008 21:15:47.182"/>
</kw>
<status status="PASS" starttime="20241008 21:15:42.869" endtime="20241008 21:15:47.182"/>
</kw>
<kw name="CheckUserandRole1" library="keywords">
<kw name="Click Element" library="SeleniumLibrary">
<arg>${Profile}</arg>
<doc>Click the element identified by ``locator``.</doc>
<msg timestamp="20241008 21:15:47.183" level="INFO">Clicking element 'id=avatarButton'.</msg>
<status status="PASS" starttime="20241008 21:15:47.183" endtime="20241008 21:15:47.222"/>
</kw>
<kw name="Wait Until Element Is Visible" library="SeleniumLibrary">
<arg>xpath=//*[@id="userDropdown"]/div[1]/div[2]</arg>
<doc>Waits until the element ``locator`` is visible.</doc>
<status status="PASS" starttime="20241008 21:15:47.222" endtime="20241008 21:15:47.239"/>
</kw>
<kw name="Element Text Should Be" library="SeleniumLibrary">
<arg>xpath=//*[@id="userDropdown"]/div[1]/div[2]</arg>
<arg>${Role1}</arg>
<doc>Verifies that element ``locator`` contains exact the text ``expected``.</doc>
<msg timestamp="20241008 21:15:47.239" level="INFO">Verifying element 'xpath=//*[@id="userDropdown"]/div[1]/div[2]' contains exact text 'USER'.</msg>
<status status="PASS" starttime="20241008 21:15:47.239" endtime="20241008 21:15:47.262"/>
</kw>
<status status="PASS" starttime="20241008 21:15:47.182" endtime="20241008 21:15:47.262"/>
</kw>
<kw name="Capture Screenshot" library="keywords">
<kw name="Sleep" library="BuiltIn">
<arg>3s</arg>
<doc>Pauses the test executed for the given time.</doc>
<msg timestamp="20241008 21:15:50.264" level="INFO">Slept 3 seconds</msg>
<status status="PASS" starttime="20241008 21:15:47.263" endtime="20241008 21:15:50.264"/>
</kw>
<kw name="Get Time" library="BuiltIn">
<var>${timestamp}</var>
<arg>epoch</arg>
<doc>Returns the given time in the requested format.</doc>
<msg timestamp="20241008 21:15:50.264" level="INFO">${timestamp} = 1728396950</msg>
<status status="PASS" starttime="20241008 21:15:50.264" endtime="20241008 21:15:50.264"/>
</kw>
<kw name="Set Variable" library="BuiltIn">
<var>${screenshot_path}</var>
<arg>${SCREENSHOT_DIR}/screenshot_${timestamp}.png</arg>
<doc>Returns the given values which can then be assigned to a variables.</doc>
<msg timestamp="20241008 21:15:50.264" level="INFO">${screenshot_path} = C:\Users\User\Desktop\Final_Project\test_H2OProject\Test_Login/screenshots/screenshot_1728396950.png</msg>
<status status="PASS" starttime="20241008 21:15:50.264" endtime="20241008 21:15:50.264"/>
</kw>
<kw name="Capture Page Screenshot" library="SeleniumLibrary">
<arg>${screenshot_path}</arg>
<doc>Takes a screenshot of the current page and embeds it into a log file.</doc>
<msg timestamp="20241008 21:15:50.532" level="INFO" html="true">&lt;/td&gt;&lt;/tr&gt;&lt;tr&gt;&lt;td colspan="3"&gt;&lt;a href="screenshots/screenshot_1728396950.png"&gt;&lt;img src="screenshots/screenshot_1728396950.png" width="800px"&gt;&lt;/a&gt;</msg>
<status status="PASS" starttime="20241008 21:15:50.264" endtime="20241008 21:15:50.532"/>
</kw>
<status status="PASS" starttime="20241008 21:15:47.263" endtime="20241008 21:15:50.532"/>
</kw>
<kw name="Close Browser" library="SeleniumLibrary">
<doc>Closes the current browser.</doc>
<status status="PASS" starttime="20241008 21:15:50.532" endtime="20241008 21:15:52.716"/>
</kw>
<tag>PassLogin</tag>
<status status="PASS" starttime="20241008 21:15:35.526" endtime="20241008 21:15:52.717"/>
</test>
<test id="s1-t2" name="TC6002 เข้าสู่ระบบของผู้ใช้แบบมีมากกว่า 1 บทบาท" line="22">
<kw name="Open Browser" library="SeleniumLibrary">
<arg>${URL}</arg>
<arg>${BROWSER}</arg>
<doc>Opens a new browser instance to the optional ``url``.</doc>
<msg timestamp="20241008 21:15:52.727" level="INFO">Opening browser 'Edge' to base url 'https://h2-o-project-two.vercel.app'.</msg>
<msg timestamp="20241008 21:15:52.749" level="INFO">Executing: C:\Users\User\AppData\Local\Programs\Python\Python311\Lib\site-packages\selenium\webdriver\common\windows\selenium-manager.exe --browser edge --output json</msg>
<status status="PASS" starttime="20241008 21:15:52.725" endtime="20241008 21:15:54.473"/>
</kw>
<kw name="Maximize Browser Window" library="SeleniumLibrary">
<doc>Maximizes current browser window.</doc>
<status status="PASS" starttime="20241008 21:15:54.474" endtime="20241008 21:15:54.516"/>
</kw>
<kw name="Click GetStart" library="keywords">
<kw name="Sleep" library="BuiltIn">
<arg>5s</arg>
<doc>Pauses the test executed for the given time.</doc>
<msg timestamp="20241008 21:15:59.517" level="INFO">Slept 5 seconds</msg>
<status status="PASS" starttime="20241008 21:15:54.517" endtime="20241008 21:15:59.517"/>
</kw>
<kw name="Wait Until Element Is Visible" library="SeleniumLibrary">
<arg>${GetStart}</arg>
<arg>5s</arg>
<doc>Waits until the element ``locator`` is visible.</doc>
<status status="PASS" starttime="20241008 21:15:59.517" endtime="20241008 21:15:59.543"/>
</kw>
<kw name="Click Element" library="SeleniumLibrary">
<arg>${GetStart}</arg>
<doc>Click the element identified by ``locator``.</doc>
<msg timestamp="20241008 21:15:59.544" level="INFO">Clicking element 'id=GetStarted'.</msg>
<status status="PASS" starttime="20241008 21:15:59.543" endtime="20241008 21:15:59.588"/>
</kw>
<status status="PASS" starttime="20241008 21:15:54.516" endtime="20241008 21:15:59.588"/>
</kw>
<kw name="Input Text" library="SeleniumLibrary">
<arg>${Email}</arg>
<arg>${Email2}</arg>
<doc>Types the given ``text`` into the text field identified by ``locator``.</doc>
<msg timestamp="20241008 21:15:59.589" level="INFO">Typing text 'guy.guy0205245@gmail.com' into text field 'name=email'.</msg>
<status status="PASS" starttime="20241008 21:15:59.589" endtime="20241008 21:15:59.696"/>
</kw>
<kw name="Input Text" library="SeleniumLibrary">
<arg>${Password}</arg>
<arg>${Password2}</arg>
<doc>Types the given ``text`` into the text field identified by ``locator``.</doc>
<msg timestamp="20241008 21:15:59.697" level="INFO">Typing text 'Guyza123!' into text field 'name=password'.</msg>
<status status="PASS" starttime="20241008 21:15:59.697" endtime="20241008 21:15:59.791"/>
</kw>
<kw name="Click Element" library="SeleniumLibrary">
<arg>${Login}</arg>
<doc>Click the element identified by ``locator``.</doc>
<msg timestamp="20241008 21:15:59.792" level="INFO">Clicking element 'id=Login'.</msg>
<status status="PASS" starttime="20241008 21:15:59.792" endtime="20241008 21:15:59.837"/>
</kw>
<kw name="Selectrole" library="keywords">
<kw name="Wait Until Element Is Visible" library="SeleniumLibrary">
<arg>xpath=//*[@id="Modal-SelectRoles"]/div/button[3]</arg>
<arg>timeout=5s</arg>
<doc>Waits until the element ``locator`` is visible.</doc>
<status status="PASS" starttime="20241008 21:15:59.838" endtime="20241008 21:16:00.272"/>
</kw>
<kw name="Click Element" library="SeleniumLibrary">
<arg>xpath=//*[@id="Modal-SelectRoles"]/div/button[3]</arg>
<doc>Click the element identified by ``locator``.</doc>
<msg timestamp="20241008 21:16:00.273" level="INFO">Clicking element 'xpath=//*[@id="Modal-SelectRoles"]/div/button[3]'.</msg>
<status status="PASS" starttime="20241008 21:16:00.273" endtime="20241008 21:16:00.476"/>
</kw>
<status status="PASS" starttime="20241008 21:15:59.837" endtime="20241008 21:16:00.476"/>
</kw>
<kw name="CheckProfile" library="keywords">
<kw name="Wait Until Element Is Visible" library="SeleniumLibrary">
<arg>${Profile}</arg>
<arg>timeout=10s</arg>
<doc>Waits until the element ``locator`` is visible.</doc>
<status status="PASS" starttime="20241008 21:16:00.477" endtime="20241008 21:16:02.467"/>
</kw>
<kw name="Element Should Be Visible" library="SeleniumLibrary">
<arg>${Profile}</arg>
<doc>Verifies that the element identified by ``locator`` is visible.</doc>
<msg timestamp="20241008 21:16:02.478" level="INFO">Element 'id=avatarButton' is displayed.</msg>
<status status="PASS" starttime="20241008 21:16:02.467" endtime="20241008 21:16:02.478"/>
</kw>
<kw name="Sleep" library="BuiltIn">
<arg>3s</arg>
<doc>Pauses the test executed for the given time.</doc>
<msg timestamp="20241008 21:16:05.479" level="INFO">Slept 3 seconds</msg>
<status status="PASS" starttime="20241008 21:16:02.478" endtime="20241008 21:16:05.479"/>
</kw>
<status status="PASS" starttime="20241008 21:16:00.476" endtime="20241008 21:16:05.479"/>
</kw>
<kw name="CheckUserandRole2" library="keywords">
<kw name="Click Element" library="SeleniumLibrary">
<arg>${Profile}</arg>
<doc>Click the element identified by ``locator``.</doc>
<msg timestamp="20241008 21:16:05.480" level="INFO">Clicking element 'id=avatarButton'.</msg>
<status status="PASS" starttime="20241008 21:16:05.480" endtime="20241008 21:16:05.526"/>
</kw>
<kw name="Wait Until Element Is Visible" library="SeleniumLibrary">
<arg>xpath=//*[@id="userDropdown"]/div[1]/div[2]</arg>
<doc>Waits until the element ``locator`` is visible.</doc>
<status status="PASS" starttime="20241008 21:16:05.526" endtime="20241008 21:16:05.542"/>
</kw>
<kw name="Element Text Should Be" library="SeleniumLibrary">
<arg>xpath=//*[@id="userDropdown"]/div[1]/div[2]</arg>
<arg>${Role2}</arg>
<doc>Verifies that element ``locator`` contains exact the text ``expected``.</doc>
<msg timestamp="20241008 21:16:05.543" level="INFO">Verifying element 'xpath=//*[@id="userDropdown"]/div[1]/div[2]' contains exact text 'BUSINESS'.</msg>
<status status="PASS" starttime="20241008 21:16:05.542" endtime="20241008 21:16:05.559"/>
</kw>
<status status="PASS" starttime="20241008 21:16:05.480" endtime="20241008 21:16:05.559"/>
</kw>
<kw name="Capture Screenshot" library="keywords">
<kw name="Sleep" library="BuiltIn">
<arg>3s</arg>
<doc>Pauses the test executed for the given time.</doc>
<msg timestamp="20241008 21:16:08.561" level="INFO">Slept 3 seconds</msg>
<status status="PASS" starttime="20241008 21:16:05.560" endtime="20241008 21:16:08.561"/>
</kw>
<kw name="Get Time" library="BuiltIn">
<var>${timestamp}</var>
<arg>epoch</arg>
<doc>Returns the given time in the requested format.</doc>
<msg timestamp="20241008 21:16:08.561" level="INFO">${timestamp} = 1728396968</msg>
<status status="PASS" starttime="20241008 21:16:08.561" endtime="20241008 21:16:08.561"/>
</kw>
<kw name="Set Variable" library="BuiltIn">
<var>${screenshot_path}</var>
<arg>${SCREENSHOT_DIR}/screenshot_${timestamp}.png</arg>
<doc>Returns the given values which can then be assigned to a variables.</doc>
<msg timestamp="20241008 21:16:08.561" level="INFO">${screenshot_path} = C:\Users\User\Desktop\Final_Project\test_H2OProject\Test_Login/screenshots/screenshot_1728396968.png</msg>
<status status="PASS" starttime="20241008 21:16:08.561" endtime="20241008 21:16:08.561"/>
</kw>
<kw name="Capture Page Screenshot" library="SeleniumLibrary">
<arg>${screenshot_path}</arg>
<doc>Takes a screenshot of the current page and embeds it into a log file.</doc>
<msg timestamp="20241008 21:16:08.848" level="INFO" html="true">&lt;/td&gt;&lt;/tr&gt;&lt;tr&gt;&lt;td colspan="3"&gt;&lt;a href="screenshots/screenshot_1728396968.png"&gt;&lt;img src="screenshots/screenshot_1728396968.png" width="800px"&gt;&lt;/a&gt;</msg>
<status status="PASS" starttime="20241008 21:16:08.562" endtime="20241008 21:16:08.848"/>
</kw>
<status status="PASS" starttime="20241008 21:16:05.560" endtime="20241008 21:16:08.849"/>
</kw>
<kw name="Close Browser" library="SeleniumLibrary">
<doc>Closes the current browser.</doc>
<status status="PASS" starttime="20241008 21:16:08.850" endtime="20241008 21:16:11.008"/>
</kw>
<tag>PassLoginMoreOneRole</tag>
<status status="PASS" starttime="20241008 21:15:52.720" endtime="20241008 21:16:11.009"/>
</test>
<test id="s1-t3" name="TC6003 เข้าสู่ระบบโดยที่รูปแบบอีเมลไม่ตรงกับระบบ" line="36">
<kw name="Open Browser" library="SeleniumLibrary">
<arg>${URL}</arg>
<arg>${BROWSER}</arg>
<doc>Opens a new browser instance to the optional ``url``.</doc>
<msg timestamp="20241008 21:16:11.022" level="INFO">Opening browser 'Edge' to base url 'https://h2-o-project-two.vercel.app'.</msg>
<msg timestamp="20241008 21:16:11.033" level="INFO">Executing: C:\Users\User\AppData\Local\Programs\Python\Python311\Lib\site-packages\selenium\webdriver\common\windows\selenium-manager.exe --browser edge --output json</msg>
<status status="PASS" starttime="20241008 21:16:11.020" endtime="20241008 21:16:12.848"/>
</kw>
<kw name="Sleep" library="BuiltIn">
<arg>5s</arg>
<doc>Pauses the test executed for the given time.</doc>
<msg timestamp="20241008 21:16:17.849" level="INFO">Slept 5 seconds</msg>
<status status="PASS" starttime="20241008 21:16:12.848" endtime="20241008 21:16:17.850"/>
</kw>
<kw name="Maximize Browser Window" library="SeleniumLibrary">
<doc>Maximizes current browser window.</doc>
<status status="PASS" starttime="20241008 21:16:17.851" endtime="20241008 21:16:17.895"/>
</kw>
<kw name="Click Element" library="SeleniumLibrary">
<arg>${GetStart}</arg>
<doc>Click the element identified by ``locator``.</doc>
<msg timestamp="20241008 21:16:17.896" level="INFO">Clicking element 'id=GetStarted'.</msg>
<status status="PASS" starttime="20241008 21:16:17.895" endtime="20241008 21:16:17.946"/>
</kw>
<kw name="Input Text" library="SeleniumLibrary">
<arg>${Email}</arg>
<arg>${Email3}</arg>
<doc>Types the given ``text`` into the text field identified by ``locator``.</doc>
<msg timestamp="20241008 21:16:17.947" level="INFO">Typing text 'guy.guy02@gmail.com' into text field 'name=email'.</msg>
<status status="PASS" starttime="20241008 21:16:17.946" endtime="20241008 21:16:18.101"/>
</kw>
<kw name="Input Text" library="SeleniumLibrary">
<arg>${Password}</arg>
<arg>${Password3}</arg>
<doc>Types the given ``text`` into the text field identified by ``locator``.</doc>
<msg timestamp="20241008 21:16:18.103" level="INFO">Typing text 'Guyza1242442' into text field 'name=password'.</msg>
<status status="PASS" starttime="20241008 21:16:18.102" endtime="20241008 21:16:18.191"/>
</kw>
<kw name="Click Element" library="SeleniumLibrary">
<arg>${Login}</arg>
<doc>Click the element identified by ``locator``.</doc>
<msg timestamp="20241008 21:16:18.191" level="INFO">Clicking element 'id=Login'.</msg>
<status status="PASS" starttime="20241008 21:16:18.191" endtime="20241008 21:16:18.242"/>
</kw>
<kw name="Wait Until Page Contains Element" library="SeleniumLibrary">
<arg>xpath=//div[contains(text(), 'Invalid email or password!')]</arg>
<arg>timeout=10s</arg>
<doc>Waits until the element ``locator`` appears on the current page.</doc>
<status status="PASS" starttime="20241008 21:16:18.243" endtime="20241008 21:16:18.684"/>
</kw>
<kw name="Should Contain" library="BuiltIn">
<arg>xpath=//div[contains(text(), 'Invalid email or password!')]</arg>
<arg>Invalid email or password!</arg>
<doc>Fails if ``container`` does not contain ``item`` one or more times.</doc>
<status status="PASS" starttime="20241008 21:16:18.684" endtime="20241008 21:16:18.685"/>
</kw>
<kw name="Capture Screenshot" library="keywords">
<kw name="Sleep" library="BuiltIn">
<arg>3s</arg>
<doc>Pauses the test executed for the given time.</doc>
<msg timestamp="20241008 21:16:21.685" level="INFO">Slept 3 seconds</msg>
<status status="PASS" starttime="20241008 21:16:18.685" endtime="20241008 21:16:21.685"/>
</kw>
<kw name="Get Time" library="BuiltIn">
<var>${timestamp}</var>
<arg>epoch</arg>
<doc>Returns the given time in the requested format.</doc>
<msg timestamp="20241008 21:16:21.686" level="INFO">${timestamp} = 1728396981</msg>
<status status="PASS" starttime="20241008 21:16:21.686" endtime="20241008 21:16:21.686"/>
</kw>
<kw name="Set Variable" library="BuiltIn">
<var>${screenshot_path}</var>
<arg>${SCREENSHOT_DIR}/screenshot_${timestamp}.png</arg>
<doc>Returns the given values which can then be assigned to a variables.</doc>
<msg timestamp="20241008 21:16:21.686" level="INFO">${screenshot_path} = C:\Users\User\Desktop\Final_Project\test_H2OProject\Test_Login/screenshots/screenshot_1728396981.png</msg>
<status status="PASS" starttime="20241008 21:16:21.686" endtime="20241008 21:16:21.686"/>
</kw>
<kw name="Capture Page Screenshot" library="SeleniumLibrary">
<arg>${screenshot_path}</arg>
<doc>Takes a screenshot of the current page and embeds it into a log file.</doc>
<msg timestamp="20241008 21:16:21.921" level="INFO" html="true">&lt;/td&gt;&lt;/tr&gt;&lt;tr&gt;&lt;td colspan="3"&gt;&lt;a href="screenshots/screenshot_1728396981.png"&gt;&lt;img src="screenshots/screenshot_1728396981.png" width="800px"&gt;&lt;/a&gt;</msg>
<status status="PASS" starttime="20241008 21:16:21.686" endtime="20241008 21:16:21.921"/>
</kw>
<status status="PASS" starttime="20241008 21:16:18.685" endtime="20241008 21:16:21.921"/>
</kw>
<kw name="Close Browser" library="SeleniumLibrary">
<doc>Closes the current browser.</doc>
<status status="PASS" starttime="20241008 21:16:21.921" endtime="20241008 21:16:24.088"/>
</kw>
<tag>PassLoginInvalidEmail and Password</tag>
<status status="PASS" starttime="20241008 21:16:11.014" endtime="20241008 21:16:24.088"/>
</test>
<status status="PASS" starttime="20241008 21:15:35.339" endtime="20241008 21:16:24.091"/>
</suite>
<statistics>
<total>
<stat pass="3" fail="0" skip="0">All Tests</stat>
</total>
<tag>
<stat pass="1" fail="0" skip="0">PassLogin</stat>
<stat pass="1" fail="0" skip="0">PassLoginInvalidEmail and Password</stat>
<stat pass="1" fail="0" skip="0">PassLoginMoreOneRole</stat>
</tag>
<suite>
<stat pass="3" fail="0" skip="0" id="s1" name="test Login">test Login</stat>
</suite>
</statistics>
<errors>
</errors>
</robot>
