<?xml version="1.0" encoding="UTF-8"?>
<robot generator="Robot 6.0.2 (Python 3.11.4 on win32)" generated="20240719 21:06:16.903" rpa="false" schemaversion="3">
<suite id="s1" name="TestLoginforget" source="C:\Users\User\Desktop\Final_Project\test_H2OProject\Test_Login\TestLoginforget.robot">
<test id="s1-t1" name="Open Browser Navigate To URL And Forget Password" line="15">
<kw name="Open Browser" library="SeleniumLibrary">
<arg>${URL}</arg>
<arg>${BROWSER}</arg>
<doc>Opens a new browser instance to the optional ``url``.</doc>
<msg timestamp="20240719 21:06:17.071" level="INFO">Opening browser 'Edge' to base url 'http://localhost:5173'.</msg>
<msg timestamp="20240719 21:06:17.079" level="INFO">Executing: C:\Users\User\AppData\Local\Programs\Python\Python311\Lib\site-packages\selenium\webdriver\common\windows\selenium-manager.exe --browser edge --output json</msg>
<status status="PASS" starttime="20240719 21:06:17.071" endtime="20240719 21:06:21.431"/>
</kw>
<kw name="Maximize Browser Window" library="SeleniumLibrary">
<doc>Maximizes current browser window.</doc>
<status status="PASS" starttime="20240719 21:06:21.432" endtime="20240719 21:06:21.467"/>
</kw>
<kw name="Click Element" library="SeleniumLibrary">
<arg>${GetStart}</arg>
<doc>Click the element identified by ``locator``.</doc>
<msg timestamp="20240719 21:06:21.469" level="INFO">Clicking element 'id=GetStarted'.</msg>
<status status="PASS" starttime="20240719 21:06:21.468" endtime="20240719 21:06:21.519"/>
</kw>
<kw name="Click Element" library="SeleniumLibrary">
<arg>css=.label-text-alt</arg>
<doc>Click the element identified by ``locator``.</doc>
<msg timestamp="20240719 21:06:21.520" level="INFO">Clicking element 'css=.label-text-alt'.</msg>
<status status="PASS" starttime="20240719 21:06:21.519" endtime="20240719 21:06:21.592"/>
</kw>
<kw name="Sleep" library="BuiltIn">
<arg>${DELAY}</arg>
<doc>Pauses the test executed for the given time.</doc>
<msg timestamp="20240719 21:06:23.595" level="INFO">Slept 2 seconds</msg>
<status status="PASS" starttime="20240719 21:06:21.593" endtime="20240719 21:06:23.595"/>
</kw>
<kw name="Input Text" library="SeleniumLibrary">
<arg>id=swal2-input</arg>
<arg>${EMAIL}</arg>
<doc>Types the given ``text`` into the text field identified by ``locator``.</doc>
<msg timestamp="20240719 21:06:23.596" level="INFO">Typing text 'guy.guy0205245@gmail.com' into text field 'id=swal2-input'.</msg>
<status status="PASS" starttime="20240719 21:06:23.596" endtime="20240719 21:06:23.692"/>
</kw>
<kw name="Click Element" library="SeleniumLibrary">
<arg>css=.swal2-confirm</arg>
<doc>Click the element identified by ``locator``.</doc>
<msg timestamp="20240719 21:06:23.693" level="INFO">Clicking element 'css=.swal2-confirm'.</msg>
<status status="PASS" starttime="20240719 21:06:23.693" endtime="20240719 21:06:23.734"/>
</kw>
<kw name="Sleep" library="BuiltIn">
<arg>${DELAY}</arg>
<doc>Pauses the test executed for the given time.</doc>
<msg timestamp="20240719 21:06:25.735" level="INFO">Slept 2 seconds</msg>
<status status="PASS" starttime="20240719 21:06:23.735" endtime="20240719 21:06:25.736"/>
</kw>
<kw name="Input Text" library="SeleniumLibrary">
<arg>id=swal2-input</arg>
<arg>${PHONE}</arg>
<doc>Types the given ``text`` into the text field identified by ``locator``.</doc>
<msg timestamp="20240719 21:06:25.738" level="INFO">Typing text '0614294288' into text field 'id=swal2-input'.</msg>
<status status="PASS" starttime="20240719 21:06:25.737" endtime="20240719 21:06:25.795"/>
</kw>
<kw name="Click Element" library="SeleniumLibrary">
<arg>css=.swal2-confirm</arg>
<doc>Click the element identified by ``locator``.</doc>
<msg timestamp="20240719 21:06:25.795" level="INFO">Clicking element 'css=.swal2-confirm'.</msg>
<status status="PASS" starttime="20240719 21:06:25.795" endtime="20240719 21:06:25.828"/>
</kw>
<kw name="Sleep" library="BuiltIn">
<arg>10s</arg>
<doc>Pauses the test executed for the given time.</doc>
<msg timestamp="20240719 21:06:35.829" level="INFO">Slept 10 seconds</msg>
<status status="PASS" starttime="20240719 21:06:25.828" endtime="20240719 21:06:35.829"/>
</kw>
<kw name="Wait Until Element Is Visible" library="SeleniumLibrary">
<arg>id=reCAPTCHA</arg>
<arg>timeout=20s</arg>
<doc>Waits until the element ``locator`` is visible.</doc>
<status status="PASS" starttime="20240719 21:06:35.830" endtime="20240719 21:06:35.875"/>
</kw>
<kw name="Click Element" library="SeleniumLibrary">
<arg>id=reCAPTCHA</arg>
<doc>Click the element identified by ``locator``.</doc>
<msg timestamp="20240719 21:06:35.876" level="INFO">Clicking element 'id=reCAPTCHA'.</msg>
<status status="PASS" starttime="20240719 21:06:35.876" endtime="20240719 21:06:35.943"/>
</kw>
<kw name="Wait Until Element Contains" library="SeleniumLibrary">
<arg>xpath=/html/body/div[2]/div</arg>
<arg>Failed to send OTP. Please try again.</arg>
<doc>Waits until the element ``locator`` contains ``text``.</doc>
<status status="PASS" starttime="20240719 21:06:35.944" endtime="20240719 21:06:37.090"/>
</kw>
<kw name="Sleep" library="BuiltIn">
<arg>10s</arg>
<doc>Pauses the test executed for the given time.</doc>
<msg timestamp="20240719 21:06:47.091" level="INFO">Slept 10 seconds</msg>
<status status="PASS" starttime="20240719 21:06:37.091" endtime="20240719 21:06:47.091"/>
</kw>
<doc>Open the browser, navigate to URL, and perform the 'Forgot Password' process.</doc>
<status status="PASS" starttime="20240719 21:06:17.070" endtime="20240719 21:06:47.092"/>
</test>
<status status="PASS" starttime="20240719 21:06:16.904" endtime="20240719 21:06:47.093"/>
</suite>
<statistics>
<total>
<stat pass="1" fail="0" skip="0">All Tests</stat>
</total>
<tag>
</tag>
<suite>
<stat pass="1" fail="0" skip="0" id="s1" name="TestLoginforget">TestLoginforget</stat>
</suite>
</statistics>
<errors>
</errors>
</robot>
