<?xml version="1.0" encoding="UTF-8"?>
<robot generator="Robot 6.0.2 (Python 3.11.4 on win32)" generated="20240626 14:10:11.573" rpa="false" schemaversion="3">
<suite id="s1" name="TestLoginNoPassword" source="C:\Users\User\Desktop\Final_Project\test_H2OProject\Test_Login\TestLoginNoPassword.robot">
<test id="s1-t1" name="Open Browser And Navigate To URL" line="9">
<kw name="Open Browser" library="SeleniumLibrary">
<arg>${URL}</arg>
<arg>${BROWSER}</arg>
<doc>Opens a new browser instance to the optional ``url``.</doc>
<msg timestamp="20240626 14:10:11.728" level="INFO">Opening browser 'Edge' to base url 'http://localhost:5173'.</msg>
<msg timestamp="20240626 14:10:11.733" level="INFO">Executing: C:\Users\User\AppData\Local\Programs\Python\Python311\Lib\site-packages\selenium\webdriver\common\windows\selenium-manager.exe --browser edge --output json</msg>
<status status="PASS" starttime="20240626 14:10:11.727" endtime="20240626 14:10:14.330"/>
</kw>
<kw name="Maximize Browser Window" library="SeleniumLibrary">
<doc>Maximizes current browser window.</doc>
<status status="PASS" starttime="20240626 14:10:14.330" endtime="20240626 14:10:14.374"/>
</kw>
<kw name="Click Element" library="SeleniumLibrary">
<arg>css=.bg-blue-500</arg>
<doc>Click the element identified by ``locator``.</doc>
<msg timestamp="20240626 14:10:14.375" level="INFO">Clicking element 'css=.bg-blue-500'.</msg>
<status status="PASS" starttime="20240626 14:10:14.374" endtime="20240626 14:10:14.435"/>
</kw>
<kw name="Sleep" library="BuiltIn">
<arg>${DELAY}</arg>
<doc>Pauses the test executed for the given time.</doc>
<msg timestamp="20240626 14:10:16.437" level="INFO">Slept 2 seconds</msg>
<status status="PASS" starttime="20240626 14:10:14.436" endtime="20240626 14:10:16.437"/>
</kw>
<kw name="Input Text" library="SeleniumLibrary">
<arg>name=email</arg>
<arg>guy.guy0205245@gmail.com</arg>
<doc>Types the given ``text`` into the text field identified by ``locator``.</doc>
<msg timestamp="20240626 14:10:16.438" level="INFO">Typing text 'guy.guy0205245@gmail.com' into text field 'name=email'.</msg>
<status status="PASS" starttime="20240626 14:10:16.438" endtime="20240626 14:10:16.526"/>
</kw>
<kw name="Sleep" library="BuiltIn">
<arg>${DELAY}</arg>
<doc>Pauses the test executed for the given time.</doc>
<msg timestamp="20240626 14:10:18.527" level="INFO">Slept 2 seconds</msg>
<status status="PASS" starttime="20240626 14:10:16.526" endtime="20240626 14:10:18.527"/>
</kw>
<kw name="Click Element" library="SeleniumLibrary">
<arg>css=.border-white:nth-child(1)</arg>
<doc>Click the element identified by ``locator``.</doc>
<msg timestamp="20240626 14:10:18.530" level="INFO">Clicking element 'css=.border-white:nth-child(1)'.</msg>
<status status="PASS" starttime="20240626 14:10:18.529" endtime="20240626 14:10:18.600"/>
</kw>
<kw name="Capture Page Screenshot" library="SeleniumLibrary">
<doc>Takes a screenshot of the current page and embeds it into a log file.</doc>
<msg timestamp="20240626 14:10:19.118" level="INFO" html="true">&lt;/td&gt;&lt;/tr&gt;&lt;tr&gt;&lt;td colspan="3"&gt;&lt;a href="selenium-screenshot-15.png"&gt;&lt;img src="selenium-screenshot-15.png" width="800px"&gt;&lt;/a&gt;</msg>
<status status="PASS" starttime="20240626 14:10:18.600" endtime="20240626 14:10:19.119"/>
</kw>
<status status="PASS" starttime="20240626 14:10:11.727" endtime="20240626 14:10:19.120"/>
</test>
<status status="PASS" starttime="20240626 14:10:11.575" endtime="20240626 14:10:19.122"/>
</suite>
<statistics>
<total>
<stat pass="1" fail="0" skip="0">All Tests</stat>
</total>
<tag>
</tag>
<suite>
<stat pass="1" fail="0" skip="0" id="s1" name="TestLoginNoPassword">TestLoginNoPassword</stat>
</suite>
</statistics>
<errors>
</errors>
</robot>
