<?xml version="1.0" encoding="UTF-8"?>
<robot generator="Robot 6.0.2 (Python 3.11.4 on win32)" generated="20240705 01:30:04.049" rpa="false" schemaversion="3">
<suite id="s1" name="TestLoginInValidemail" source="C:\Users\User\Desktop\Final_Project\test_H2OProject\Test_Login\TestLoginInValidemail.robot">
<test id="s1-t1" name="Open Browser And Navigate To URL" line="9">
<kw name="Open Browser" library="SeleniumLibrary">
<arg>${URL}</arg>
<arg>${BROWSER}</arg>
<doc>Opens a new browser instance to the optional ``url``.</doc>
<msg timestamp="20240705 01:30:04.271" level="INFO">Opening browser 'Edge' to base url 'http://localhost:5173'.</msg>
<msg timestamp="20240705 01:30:04.279" level="INFO">Executing: C:\Users\User\AppData\Local\Programs\Python\Python311\Lib\site-packages\selenium\webdriver\common\windows\selenium-manager.exe --browser edge --output json</msg>
<status status="PASS" starttime="20240705 01:30:04.270" endtime="20240705 01:30:07.800"/>
</kw>
<kw name="Maximize Browser Window" library="SeleniumLibrary">
<doc>Maximizes current browser window.</doc>
<status status="PASS" starttime="20240705 01:30:07.800" endtime="20240705 01:30:07.836"/>
</kw>
<kw name="Click Element" library="SeleniumLibrary">
<arg>css=.bg-blue-500</arg>
<doc>Click the element identified by ``locator``.</doc>
<msg timestamp="20240705 01:30:07.837" level="INFO">Clicking element 'css=.bg-blue-500'.</msg>
<status status="PASS" starttime="20240705 01:30:07.836" endtime="20240705 01:30:07.913"/>
</kw>
<kw name="Sleep" library="BuiltIn">
<arg>${DELAY}</arg>
<doc>Pauses the test executed for the given time.</doc>
<msg timestamp="20240705 01:30:09.913" level="INFO">Slept 2 seconds</msg>
<status status="PASS" starttime="20240705 01:30:07.913" endtime="20240705 01:30:09.913"/>
</kw>
<kw name="Input Text" library="SeleniumLibrary">
<arg>name=email</arg>
<arg>guy.guy020524@gmail.com</arg>
<doc>Types the given ``text`` into the text field identified by ``locator``.</doc>
<msg timestamp="20240705 01:30:09.914" level="INFO">Typing text 'guy.guy020524@gmail.com' into text field 'name=email'.</msg>
<status status="PASS" starttime="20240705 01:30:09.914" endtime="20240705 01:30:09.999"/>
</kw>
<kw name="Sleep" library="BuiltIn">
<arg>${DELAY}</arg>
<doc>Pauses the test executed for the given time.</doc>
<msg timestamp="20240705 01:30:12.000" level="INFO">Slept 2 seconds</msg>
<status status="PASS" starttime="20240705 01:30:10.000" endtime="20240705 01:30:12.001"/>
</kw>
<kw name="Input Text" library="SeleniumLibrary">
<arg>name=password</arg>
<arg>Guyza123!</arg>
<doc>Types the given ``text`` into the text field identified by ``locator``.</doc>
<msg timestamp="20240705 01:30:12.004" level="INFO">Typing text 'Guyza123!' into text field 'name=password'.</msg>
<status status="PASS" starttime="20240705 01:30:12.002" endtime="20240705 01:30:12.084"/>
</kw>
<kw name="Sleep" library="BuiltIn">
<arg>${DELAY}</arg>
<doc>Pauses the test executed for the given time.</doc>
<msg timestamp="20240705 01:30:14.085" level="INFO">Slept 2 seconds</msg>
<status status="PASS" starttime="20240705 01:30:12.084" endtime="20240705 01:30:14.086"/>
</kw>
<kw name="Click Element" library="SeleniumLibrary">
<arg>css=.border-white:nth-child(1)</arg>
<doc>Click the element identified by ``locator``.</doc>
<msg timestamp="20240705 01:30:14.088" level="INFO">Clicking element 'css=.border-white:nth-child(1)'.</msg>
<status status="PASS" starttime="20240705 01:30:14.087" endtime="20240705 01:30:14.130"/>
</kw>
<kw name="Wait Until Element Contains" library="SeleniumLibrary">
<arg>xpath=/html/body/div[2]/div</arg>
<arg>Invalid email or password!</arg>
<doc>Waits until the element ``locator`` contains ``text``.</doc>
<status status="PASS" starttime="20240705 01:30:14.130" endtime="20240705 01:30:14.365"/>
</kw>
<kw name="Capture Page Screenshot" library="SeleniumLibrary">
<doc>Takes a screenshot of the current page and embeds it into a log file.</doc>
<msg timestamp="20240705 01:30:14.801" level="INFO" html="true">&lt;/td&gt;&lt;/tr&gt;&lt;tr&gt;&lt;td colspan="3"&gt;&lt;a href="selenium-screenshot-29.png"&gt;&lt;img src="selenium-screenshot-29.png" width="800px"&gt;&lt;/a&gt;</msg>
<status status="PASS" starttime="20240705 01:30:14.366" endtime="20240705 01:30:14.801"/>
</kw>
<kw name="Close Browser" library="SeleniumLibrary">
<doc>Closes the current browser.</doc>
<status status="PASS" starttime="20240705 01:30:14.801" endtime="20240705 01:30:17.000"/>
</kw>
<status status="PASS" starttime="20240705 01:30:04.270" endtime="20240705 01:30:17.002"/>
</test>
<status status="PASS" starttime="20240705 01:30:04.051" endtime="20240705 01:30:17.008"/>
</suite>
<statistics>
<total>
<stat pass="1" fail="0" skip="0">All Tests</stat>
</total>
<tag>
</tag>
<suite>
<stat pass="1" fail="0" skip="0" id="s1" name="TestLoginInValidemail">TestLoginInValidemail</stat>
</suite>
</statistics>
<errors>
</errors>
</robot>
