<?xml version="1.0" encoding="UTF-8"?>
<robot generator="Robot 6.0.2 (Python 3.11.4 on win32)" generated="20240627 14:38:08.729" rpa="false" schemaversion="3">
<suite id="s1" name="TestLoginIncompletePassword" source="C:\Users\User\Desktop\Final_Project\test_H2OProject\Test_Login\TestLoginIncompletePassword.robot">
<test id="s1-t1" name="Open Browser And Navigate To URL" line="9">
<kw name="Open Browser" library="SeleniumLibrary">
<arg>${URL}</arg>
<arg>${BROWSER}</arg>
<doc>Opens a new browser instance to the optional ``url``.</doc>
<msg timestamp="20240627 14:38:09.009" level="INFO">Opening browser 'Edge' to base url 'http://localhost:5173'.</msg>
<msg timestamp="20240627 14:38:09.025" level="INFO">Executing: C:\Users\User\AppData\Local\Programs\Python\Python311\Lib\site-packages\selenium\webdriver\common\windows\selenium-manager.exe --browser edge --output json</msg>
<status status="PASS" starttime="20240627 14:38:09.008" endtime="20240627 14:38:13.740"/>
</kw>
<kw name="Maximize Browser Window" library="SeleniumLibrary">
<doc>Maximizes current browser window.</doc>
<status status="PASS" starttime="20240627 14:38:13.741" endtime="20240627 14:38:13.815"/>
</kw>
<kw name="Click Element" library="SeleniumLibrary">
<arg>css=.bg-blue-500</arg>
<doc>Click the element identified by ``locator``.</doc>
<msg timestamp="20240627 14:38:13.817" level="INFO">Clicking element 'css=.bg-blue-500'.</msg>
<status status="PASS" starttime="20240627 14:38:13.815" endtime="20240627 14:38:13.937"/>
</kw>
<kw name="Input Text" library="SeleniumLibrary">
<arg>name=email</arg>
<arg>guy.guy020524@gmail.com</arg>
<doc>Types the given ``text`` into the text field identified by ``locator``.</doc>
<msg timestamp="20240627 14:38:13.939" level="INFO">Typing text 'guy.guy020524@gmail.com' into text field 'name=email'.</msg>
<status status="PASS" starttime="20240627 14:38:13.938" endtime="20240627 14:38:14.194"/>
</kw>
<kw name="Input Text" library="SeleniumLibrary">
<arg>name=password</arg>
<arg>Guyza</arg>
<doc>Types the given ``text`` into the text field identified by ``locator``.</doc>
<msg timestamp="20240627 14:38:14.196" level="INFO">Typing text 'Guyza' into text field 'name=password'.</msg>
<status status="PASS" starttime="20240627 14:38:14.195" endtime="20240627 14:38:14.308"/>
</kw>
<kw name="Click Element" library="SeleniumLibrary">
<arg>css=.border-white:nth-child(1)</arg>
<doc>Click the element identified by ``locator``.</doc>
<msg timestamp="20240627 14:38:14.309" level="INFO">Clicking element 'css=.border-white:nth-child(1)'.</msg>
<status status="PASS" starttime="20240627 14:38:14.309" endtime="20240627 14:38:14.450"/>
</kw>
<kw name="Wait Until Element Is Visible" library="SeleniumLibrary">
<arg>class=card-body</arg>
<doc>Waits until the element ``locator`` is visible.</doc>
<status status="PASS" starttime="20240627 14:38:14.450" endtime="20240627 14:38:14.708"/>
</kw>
<kw name="Capture Page Screenshot" library="SeleniumLibrary">
<doc>Takes a screenshot of the current page and embeds it into a log file.</doc>
<msg timestamp="20240627 14:38:15.237" level="INFO" html="true">&lt;/td&gt;&lt;/tr&gt;&lt;tr&gt;&lt;td colspan="3"&gt;&lt;a href="selenium-screenshot-27.png"&gt;&lt;img src="selenium-screenshot-27.png" width="800px"&gt;&lt;/a&gt;</msg>
<status status="PASS" starttime="20240627 14:38:14.709" endtime="20240627 14:38:15.237"/>
</kw>
<status status="PASS" starttime="20240627 14:38:09.007" endtime="20240627 14:38:15.240"/>
</test>
<status status="PASS" starttime="20240627 14:38:08.730" endtime="20240627 14:38:15.243"/>
</suite>
<statistics>
<total>
<stat pass="1" fail="0" skip="0">All Tests</stat>
</total>
<tag>
</tag>
<suite>
<stat pass="1" fail="0" skip="0" id="s1" name="TestLoginIncompletePassword">TestLoginIncompletePassword</stat>
</suite>
</statistics>
<errors>
</errors>
</robot>
