<?xml version="1.0" encoding="UTF-8"?>
<robot generator="Robot 6.0.2 (Python 3.11.4 on win32)" generated="20240903 15:56:37.267" rpa="false" schemaversion="3">
<suite id="s1" name="TestRegister" source="C:\Users\User\Desktop\Final_Project\test_H2OProject\Test_Register\TestRegister.robot">
<test id="s1-t1" name="RegisterUser" line="26">
<kw name="Open Browser" library="SeleniumLibrary">
<arg>${URL}</arg>
<arg>${BROWSER}</arg>
<doc>Opens a new browser instance to the optional ``url``.</doc>
<msg timestamp="20240903 15:56:37.438" level="INFO">Opening browser 'Edge' to base url 'http://localhost:5173'.</msg>
<msg timestamp="20240903 15:56:37.444" level="INFO">Executing: C:\Users\User\AppData\Local\Programs\Python\Python311\Lib\site-packages\selenium\webdriver\common\windows\selenium-manager.exe --browser edge --output json</msg>
<status status="PASS" starttime="20240903 15:56:37.438" endtime="20240903 15:57:20.829"/>
</kw>
<kw name="Maximize Browser Window" library="SeleniumLibrary">
<doc>Maximizes current browser window.</doc>
<status status="PASS" starttime="20240903 15:57:20.830" endtime="20240903 15:57:20.869"/>
</kw>
<kw name="Click Element" library="SeleniumLibrary">
<arg>${GetStart}</arg>
<doc>Click the element identified by ``locator``.</doc>
<msg timestamp="20240903 15:57:20.870" level="INFO">Clicking element 'id=GetStarted'.</msg>
<status status="PASS" starttime="20240903 15:57:20.869" endtime="20240903 15:57:20.926"/>
</kw>
<kw name="Click Element" library="SeleniumLibrary">
<arg>${Sing-up}</arg>
<doc>Click the element identified by ``locator``.</doc>
<msg timestamp="20240903 15:57:20.928" level="INFO">Clicking element 'id=NoAccount-HaveAccount'.</msg>
<status status="PASS" starttime="20240903 15:57:20.927" endtime="20240903 15:57:20.996"/>
</kw>
<kw name="InputName">
<kw name="Wait Until Element Is Visible" library="SeleniumLibrary">
<arg>${Name}</arg>
<arg>2s</arg>
<doc>Waits until the element ``locator`` is visible.</doc>
<status status="PASS" starttime="20240903 15:57:20.997" endtime="20240903 15:57:21.031"/>
</kw>
<kw name="Input Text" library="SeleniumLibrary">
<arg>${Name}</arg>
<arg>Suttiguy</arg>
<doc>Types the given ``text`` into the text field identified by ``locator``.</doc>
<msg timestamp="20240903 15:57:21.032" level="INFO">Typing text 'Suttiguy' into text field 'name=name'.</msg>
<status status="PASS" starttime="20240903 15:57:21.031" endtime="20240903 15:57:21.182"/>
</kw>
<status status="PASS" starttime="20240903 15:57:20.997" endtime="20240903 15:57:21.183"/>
</kw>
<kw name="InputLastName">
<kw name="Input Text" library="SeleniumLibrary">
<arg>${LastName}</arg>
<arg>Kaewsakun</arg>
<doc>Types the given ``text`` into the text field identified by ``locator``.</doc>
<msg timestamp="20240903 15:57:21.184" level="INFO">Typing text 'Kaewsakun' into text field 'name=lastName'.</msg>
<status status="PASS" starttime="20240903 15:57:21.183" endtime="20240903 15:57:21.268"/>
</kw>
<status status="PASS" starttime="20240903 15:57:21.183" endtime="20240903 15:57:21.268"/>
</kw>
<kw name="InputEmail">
<kw name="Input Text" library="SeleniumLibrary">
<arg>${Email}</arg>
<arg>Pattenkill@gmail.com</arg>
<doc>Types the given ``text`` into the text field identified by ``locator``.</doc>
<msg timestamp="20240903 15:57:21.269" level="INFO">Typing text 'Pattenkill@gmail.com' into text field 'name=email'.</msg>
<status status="PASS" starttime="20240903 15:57:21.269" endtime="20240903 15:57:21.355"/>
</kw>
<status status="PASS" starttime="20240903 15:57:21.269" endtime="20240903 15:57:21.355"/>
</kw>
<kw name="InputPassword">
<kw name="Input Text" library="SeleniumLibrary">
<arg>${Password}</arg>
<arg>Guyei_ei2</arg>
<doc>Types the given ``text`` into the text field identified by ``locator``.</doc>
<msg timestamp="20240903 15:57:21.356" level="INFO">Typing text 'Guyei_ei2' into text field 'name=password'.</msg>
<status status="PASS" starttime="20240903 15:57:21.356" endtime="20240903 15:57:21.422"/>
</kw>
<status status="PASS" starttime="20240903 15:57:21.356" endtime="20240903 15:57:21.423"/>
</kw>
<kw name="InputConfirmPassword">
<kw name="Input Text" library="SeleniumLibrary">
<arg>${Confirm}</arg>
<arg>Guyei_ei2</arg>
<doc>Types the given ``text`` into the text field identified by ``locator``.</doc>
<msg timestamp="20240903 15:57:21.423" level="INFO">Typing text 'Guyei_ei2' into text field 'name=ConfirmPassword'.</msg>
<status status="PASS" starttime="20240903 15:57:21.423" endtime="20240903 15:57:21.492"/>
</kw>
<status status="PASS" starttime="20240903 15:57:21.423" endtime="20240903 15:57:21.492"/>
</kw>
<kw name="InputPhoneNumber">
<kw name="Input Text" library="SeleniumLibrary">
<arg>${Phone}</arg>
<arg>614294289</arg>
<doc>Types the given ``text`` into the text field identified by ``locator``.</doc>
<msg timestamp="20240903 15:57:21.493" level="INFO">Typing text '614294289' into text field 'name=phone'.</msg>
<status status="PASS" starttime="20240903 15:57:21.493" endtime="20240903 15:57:21.560"/>
</kw>
<status status="PASS" starttime="20240903 15:57:21.492" endtime="20240903 15:57:21.560"/>
</kw>
<kw name="Click Button" library="SeleniumLibrary">
<arg>${SignUp}</arg>
<doc>Clicks the button identified by ``locator``.</doc>
<msg timestamp="20240903 15:57:21.560" level="INFO">Clicking button 'id=SignUp'.</msg>
<status status="PASS" starttime="20240903 15:57:21.560" endtime="20240903 15:57:21.614"/>
</kw>
<kw name="CheckBoxNotRobot">
<kw name="Sleep" library="BuiltIn">
<arg>10s</arg>
<doc>Pauses the test executed for the given time.</doc>
<msg timestamp="20240903 15:57:31.616" level="INFO">Slept 10 seconds</msg>
<status status="PASS" starttime="20240903 15:57:21.615" endtime="20240903 15:57:31.616"/>
</kw>
<kw name="Wait Until Element Is Visible" library="SeleniumLibrary">
<arg>${CheckBox}</arg>
<arg>10s</arg>
<doc>Waits until the element ``locator`` is visible.</doc>
<status status="PASS" starttime="20240903 15:57:31.616" endtime="20240903 15:57:31.633"/>
</kw>
<kw name="Click Element" library="SeleniumLibrary">
<arg>${CheckBox}</arg>
<doc>Click the element identified by ``locator``.</doc>
<msg timestamp="20240903 15:57:31.634" level="INFO">Clicking element 'id=reCAPTCHA'.</msg>
<status status="PASS" starttime="20240903 15:57:31.633" endtime="20240903 15:57:31.692"/>
</kw>
<status status="PASS" starttime="20240903 15:57:21.614" endtime="20240903 15:57:31.692"/>
</kw>
<kw name="Sleep" library="BuiltIn">
<arg>10s</arg>
<doc>Pauses the test executed for the given time.</doc>
<msg timestamp="20240903 15:57:41.693" level="INFO">Slept 10 seconds</msg>
<status status="PASS" starttime="20240903 15:57:31.693" endtime="20240903 15:57:41.693"/>
</kw>
<kw name="OTP">
<kw name="Wait Until Element Is Visible" library="SeleniumLibrary">
<arg>${OTP1}</arg>
<arg>5s</arg>
<doc>Waits until the element ``locator`` is visible.</doc>
<status status="PASS" starttime="20240903 15:57:41.694" endtime="20240903 15:57:41.712"/>
</kw>
<kw name="Input Text" library="SeleniumLibrary">
<arg>${OTP1}</arg>
<arg>1</arg>
<doc>Types the given ``text`` into the text field identified by ``locator``.</doc>
<msg timestamp="20240903 15:57:41.713" level="INFO">Typing text '1' into text field 'id=otp[0]'.</msg>
<status status="PASS" starttime="20240903 15:57:41.712" endtime="20240903 15:57:41.776"/>
</kw>
<kw name="Input Text" library="SeleniumLibrary">
<arg>${OTP2}</arg>
<arg>2</arg>
<doc>Types the given ``text`` into the text field identified by ``locator``.</doc>
<msg timestamp="20240903 15:57:41.777" level="INFO">Typing text '2' into text field 'id=otp[1]'.</msg>
<status status="PASS" starttime="20240903 15:57:41.776" endtime="20240903 15:57:41.846"/>
</kw>
<kw name="Input Text" library="SeleniumLibrary">
<arg>${OTP3}</arg>
<arg>3</arg>
<doc>Types the given ``text`` into the text field identified by ``locator``.</doc>
<msg timestamp="20240903 15:57:41.847" level="INFO">Typing text '3' into text field 'id=otp[2]'.</msg>
<status status="PASS" starttime="20240903 15:57:41.846" endtime="20240903 15:57:41.907"/>
</kw>
<kw name="Input Text" library="SeleniumLibrary">
<arg>${OTP4}</arg>
<arg>4</arg>
<doc>Types the given ``text`` into the text field identified by ``locator``.</doc>
<msg timestamp="20240903 15:57:41.908" level="INFO">Typing text '4' into text field 'id=otp[3]'.</msg>
<status status="PASS" starttime="20240903 15:57:41.907" endtime="20240903 15:57:41.973"/>
</kw>
<kw name="Input Text" library="SeleniumLibrary">
<arg>${OTP5}</arg>
<arg>5</arg>
<doc>Types the given ``text`` into the text field identified by ``locator``.</doc>
<msg timestamp="20240903 15:57:41.973" level="INFO">Typing text '5' into text field 'id=otp[4]'.</msg>
<status status="PASS" starttime="20240903 15:57:41.973" endtime="20240903 15:57:42.024"/>
</kw>
<kw name="Input Text" library="SeleniumLibrary">
<arg>${OTP6}</arg>
<arg>6</arg>
<doc>Types the given ``text`` into the text field identified by ``locator``.</doc>
<msg timestamp="20240903 15:57:42.025" level="INFO">Typing text '6' into text field 'id=otp[5]'.</msg>
<status status="PASS" starttime="20240903 15:57:42.024" endtime="20240903 15:57:42.080"/>
</kw>
<status status="PASS" starttime="20240903 15:57:41.694" endtime="20240903 15:57:42.080"/>
</kw>
<kw name="Capture Page Screenshot" library="SeleniumLibrary">
<doc>Takes a screenshot of the current page and embeds it into a log file.</doc>
<msg timestamp="20240903 15:57:42.321" level="INFO" html="true">&lt;/td&gt;&lt;/tr&gt;&lt;tr&gt;&lt;td colspan="3"&gt;&lt;a href="selenium-screenshot-2.png"&gt;&lt;img src="selenium-screenshot-2.png" width="800px"&gt;&lt;/a&gt;</msg>
<status status="PASS" starttime="20240903 15:57:42.080" endtime="20240903 15:57:42.321"/>
</kw>
<status status="PASS" starttime="20240903 15:56:37.437" endtime="20240903 15:57:42.322"/>
</test>
<status status="PASS" starttime="20240903 15:56:37.268" endtime="20240903 15:57:42.326"/>
</suite>
<statistics>
<total>
<stat pass="1" fail="0" skip="0">All Tests</stat>
</total>
<tag>
</tag>
<suite>
<stat pass="1" fail="0" skip="0" id="s1" name="TestRegister">TestRegister</stat>
</suite>
</statistics>
<errors>
</errors>
</robot>
