<?xml version="1.0" encoding="UTF-8"?>
<robot generator="Robot 6.0.2 (Python 3.11.4 on win32)" generated="20240805 11:28:35.794" rpa="false" schemaversion="3">
<suite id="s1" name="TestRegister" source="C:\Users\User\Desktop\Final_Project\test_H2OProject\Test_Register\TestRegister.robot">
<test id="s1-t1" name="Open Browser And Navigate To URL" line="17">
<kw name="Open Browser" library="SeleniumLibrary">
<arg>${URL}</arg>
<arg>${BROWSER}</arg>
<doc>Opens a new browser instance to the optional ``url``.</doc>
<msg timestamp="20240805 11:28:36.123" level="INFO">Opening browser 'Edge' to base url 'http://localhost:5173'.</msg>
<msg timestamp="20240805 11:28:36.138" level="INFO">Executing: C:\Users\User\AppData\Local\Programs\Python\Python311\Lib\site-packages\selenium\webdriver\common\windows\selenium-manager.exe --browser edge --output json</msg>
<status status="PASS" starttime="20240805 11:28:36.122" endtime="20240805 11:28:40.708"/>
</kw>
<kw name="Maximize Browser Window" library="SeleniumLibrary">
<doc>Maximizes current browser window.</doc>
<status status="PASS" starttime="20240805 11:28:40.709" endtime="20240805 11:28:40.774"/>
</kw>
<kw name="Click Element" library="SeleniumLibrary">
<arg>${GetStart}</arg>
<doc>Click the element identified by ``locator``.</doc>
<msg timestamp="20240805 11:28:40.776" level="INFO">Clicking element 'id=GetStarted'.</msg>
<status status="PASS" starttime="20240805 11:28:40.775" endtime="20240805 11:28:40.959"/>
</kw>
<kw name="Click Element" library="SeleniumLibrary">
<arg>${Sing-up}</arg>
<doc>Click the element identified by ``locator``.</doc>
<msg timestamp="20240805 11:28:40.961" level="INFO">Clicking element 'id=NoAccount-HaveAccount'.</msg>
<status status="PASS" starttime="20240805 11:28:40.960" endtime="20240805 11:28:41.037"/>
</kw>
<kw name="InputName">
<kw name="Wait Until Element Is Visible" library="SeleniumLibrary">
<arg>${Name}</arg>
<arg>2s</arg>
<doc>Waits until the element ``locator`` is visible.</doc>
<status status="PASS" starttime="20240805 11:28:41.038" endtime="20240805 11:28:41.739"/>
</kw>
<kw name="Input Text" library="SeleniumLibrary">
<arg>${Name}</arg>
<arg>Suttiguy</arg>
<doc>Types the given ``text`` into the text field identified by ``locator``.</doc>
<msg timestamp="20240805 11:28:41.740" level="INFO">Typing text 'Suttiguy' into text field 'name=name'.</msg>
<status status="PASS" starttime="20240805 11:28:41.739" endtime="20240805 11:28:41.918"/>
</kw>
<status status="PASS" starttime="20240805 11:28:41.038" endtime="20240805 11:28:41.918"/>
</kw>
<kw name="InputLastName">
<kw name="Input Text" library="SeleniumLibrary">
<arg>${LastName}</arg>
<arg>Kaewsakun</arg>
<doc>Types the given ``text`` into the text field identified by ``locator``.</doc>
<msg timestamp="20240805 11:28:41.920" level="INFO">Typing text 'Kaewsakun' into text field 'name=lastName'.</msg>
<status status="PASS" starttime="20240805 11:28:41.919" endtime="20240805 11:28:42.042"/>
</kw>
<status status="PASS" starttime="20240805 11:28:41.918" endtime="20240805 11:28:42.042"/>
</kw>
<kw name="InputEmail">
<kw name="Input Text" library="SeleniumLibrary">
<arg>${Email}</arg>
<arg>Payterlon@gmail.com</arg>
<doc>Types the given ``text`` into the text field identified by ``locator``.</doc>
<msg timestamp="20240805 11:28:42.043" level="INFO">Typing text 'Payterlon@gmail.com' into text field 'name=email'.</msg>
<status status="PASS" starttime="20240805 11:28:42.043" endtime="20240805 11:28:42.236"/>
</kw>
<status status="PASS" starttime="20240805 11:28:42.043" endtime="20240805 11:28:42.236"/>
</kw>
<kw name="Sleep" library="BuiltIn">
<arg>5s</arg>
<doc>Pauses the test executed for the given time.</doc>
<msg timestamp="20240805 11:28:47.238" level="INFO">Slept 5 seconds</msg>
<status status="PASS" starttime="20240805 11:28:42.237" endtime="20240805 11:28:47.238"/>
</kw>
<status status="PASS" starttime="20240805 11:28:36.121" endtime="20240805 11:28:47.239"/>
</test>
<status status="PASS" starttime="20240805 11:28:35.797" endtime="20240805 11:28:47.241"/>
</suite>
<statistics>
<total>
<stat pass="1" fail="0" skip="0">All Tests</stat>
</total>
<tag>
</tag>
<suite>
<stat pass="1" fail="0" skip="0" id="s1" name="TestRegister">TestRegister</stat>
</suite>
</statistics>
<errors>
</errors>
</robot>
