<?xml version="1.0" encoding="UTF-8"?>
<robot generator="Robot 6.0.2 (Python 3.11.4 on win32)" generated="20240823 15:55:37.551" rpa="false" schemaversion="3">
<suite id="s1" name="TC3001" source="C:\Users\User\Desktop\Final_Project\test_H2OProject\Test_ViewDetail\TC3001.robot">
<test id="s1-t1" name="TC3001 ดูรายละเอียดที่พัก" line="32">
<kw name="Open Browser" library="SeleniumLibrary">
<arg>${URL}</arg>
<arg>${BROWSER}</arg>
<doc>Opens a new browser instance to the optional ``url``.</doc>
<msg timestamp="20240823 15:55:37.762" level="INFO">Opening browser 'Edge' to base url 'http://localhost:5173'.</msg>
<msg timestamp="20240823 15:55:37.770" level="INFO">Executing: C:\Users\User\AppData\Local\Programs\Python\Python311\Lib\site-packages\selenium\webdriver\common\windows\selenium-manager.exe --browser edge --output json</msg>
<status status="PASS" starttime="20240823 15:55:37.761" endtime="20240823 15:55:40.505"/>
</kw>
<kw name="Maximize Browser Window" library="SeleniumLibrary">
<doc>Maximizes current browser window.</doc>
<status status="PASS" starttime="20240823 15:55:40.505" endtime="20240823 15:55:40.554"/>
</kw>
<kw name="LoginUser">
<kw name="Sleep" library="BuiltIn">
<arg>5s</arg>
<doc>Pauses the test executed for the given time.</doc>
<msg timestamp="20240823 15:55:45.556" level="INFO">Slept 5 seconds</msg>
<status status="PASS" starttime="20240823 15:55:40.555" endtime="20240823 15:55:45.556"/>
</kw>
<kw name="Click Element" library="SeleniumLibrary">
<arg>${GetStart}</arg>
<doc>Click the element identified by ``locator``.</doc>
<msg timestamp="20240823 15:55:45.558" level="INFO">Clicking element 'id=GetStarted'.</msg>
<status status="PASS" starttime="20240823 15:55:45.557" endtime="20240823 15:55:45.611"/>
</kw>
<kw name="Input Text" library="SeleniumLibrary">
<arg>${Email}</arg>
<arg>${UserEmail}</arg>
<doc>Types the given ``text`` into the text field identified by ``locator``.</doc>
<msg timestamp="20240823 15:55:45.612" level="INFO">Typing text 'guy.guy0205245@gmail.com' into text field 'name=email'.</msg>
<status status="PASS" starttime="20240823 15:55:45.611" endtime="20240823 15:55:45.720"/>
</kw>
<kw name="Input Text" library="SeleniumLibrary">
<arg>${Password}</arg>
<arg>${UserPassword}</arg>
<doc>Types the given ``text`` into the text field identified by ``locator``.</doc>
<msg timestamp="20240823 15:55:45.721" level="INFO">Typing text 'Guyza123!' into text field 'name=password'.</msg>
<status status="PASS" starttime="20240823 15:55:45.720" endtime="20240823 15:55:45.785"/>
</kw>
<kw name="Click Element" library="SeleniumLibrary">
<arg>${Login}</arg>
<doc>Click the element identified by ``locator``.</doc>
<msg timestamp="20240823 15:55:45.785" level="INFO">Clicking element 'id=Login'.</msg>
<status status="PASS" starttime="20240823 15:55:45.785" endtime="20240823 15:55:45.834"/>
</kw>
<status status="PASS" starttime="20240823 15:55:40.555" endtime="20240823 15:55:45.835"/>
</kw>
<kw name="InputNameHomeStay">
<kw name="Wait Until Element Is Visible" library="SeleniumLibrary">
<arg>${NameSearch}</arg>
<arg>5s</arg>
<doc>Waits until the element ``locator`` is visible.</doc>
<status status="PASS" starttime="20240823 15:55:45.835" endtime="20240823 15:55:45.853"/>
</kw>
<kw name="Click Element" library="SeleniumLibrary">
<arg>${NameSearch}</arg>
<doc>Click the element identified by ``locator``.</doc>
<msg timestamp="20240823 15:55:45.853" level="INFO">Clicking element 'id=search-text'.</msg>
<status status="PASS" starttime="20240823 15:55:45.853" endtime="20240823 15:55:46.239"/>
</kw>
<kw name="Input Text" library="SeleniumLibrary">
<arg>${NameSearch}</arg>
<arg>บ้านปายดิน</arg>
<doc>Types the given ``text`` into the text field identified by ``locator``.</doc>
<msg timestamp="20240823 15:55:46.240" level="INFO">Typing text 'บ้านปายดิน' into text field 'id=search-text'.</msg>
<status status="PASS" starttime="20240823 15:55:46.239" endtime="20240823 15:55:46.306"/>
</kw>
<status status="PASS" starttime="20240823 15:55:45.835" endtime="20240823 15:55:46.306"/>
</kw>
<kw name="DefinePeople">
<kw name="Click Button" library="SeleniumLibrary">
<arg>${People}</arg>
<doc>Clicks the button identified by ``locator``.</doc>
<msg timestamp="20240823 15:55:46.307" level="INFO">Clicking button 'id=people-buttonHomstay'.</msg>
<status status="PASS" starttime="20240823 15:55:46.307" endtime="20240823 15:55:46.357"/>
</kw>
<kw name="Click Button" library="SeleniumLibrary">
<arg>${Young}</arg>
<doc>Clicks the button identified by ``locator``.</doc>
<msg timestamp="20240823 15:55:46.358" level="INFO">Clicking button 'id=Increase[1]'.</msg>
<status status="PASS" starttime="20240823 15:55:46.358" endtime="20240823 15:55:46.405"/>
</kw>
<kw name="Click Button" library="SeleniumLibrary">
<arg>${Young}</arg>
<doc>Clicks the button identified by ``locator``.</doc>
<msg timestamp="20240823 15:55:46.405" level="INFO">Clicking button 'id=Increase[1]'.</msg>
<status status="PASS" starttime="20240823 15:55:46.405" endtime="20240823 15:55:46.450"/>
</kw>
<status status="PASS" starttime="20240823 15:55:46.307" endtime="20240823 15:55:46.450"/>
</kw>
<kw name="StartandEnd_Date">
<kw name="Click Button" library="SeleniumLibrary">
<arg>${Date}</arg>
<doc>Clicks the button identified by ``locator``.</doc>
<msg timestamp="20240823 15:55:46.451" level="INFO">Clicking button 'id=date-buttonHomstay'.</msg>
<status status="PASS" starttime="20240823 15:55:46.451" endtime="20240823 15:55:46.526"/>
</kw>
<kw name="Click Button" library="SeleniumLibrary">
<arg>${Date-Start}</arg>
<doc>Clicks the button identified by ``locator``.</doc>
<msg timestamp="20240823 15:55:46.526" level="INFO">Clicking button 'xpath=(//button[@type='button'])[40]'.</msg>
<status status="PASS" starttime="20240823 15:55:46.526" endtime="20240823 15:55:46.591"/>
</kw>
<kw name="Click Button" library="SeleniumLibrary">
<arg>${Date-End}</arg>
<doc>Clicks the button identified by ``locator``.</doc>
<msg timestamp="20240823 15:55:46.592" level="INFO">Clicking button 'xpath=(//button[@type='button'])[12]'.</msg>
<status status="PASS" starttime="20240823 15:55:46.591" endtime="20240823 15:55:46.646"/>
</kw>
<status status="PASS" starttime="20240823 15:55:46.451" endtime="20240823 15:55:46.646"/>
</kw>
<kw name="Click Element" library="SeleniumLibrary">
<arg>${Search}</arg>
<doc>Click the element identified by ``locator``.</doc>
<msg timestamp="20240823 15:55:46.647" level="INFO">Clicking element 'id=search-Homestay'.</msg>
<status status="PASS" starttime="20240823 15:55:46.647" endtime="20240823 15:55:46.730"/>
</kw>
<kw name="CheckDetailHomestay">
<kw name="Wait Until Element Contains" library="SeleniumLibrary">
<arg>${Detail-HomeStay}</arg>
<arg>บ้านปายดิน</arg>
<doc>Waits until the element ``locator`` contains ``text``.</doc>
<status status="PASS" starttime="20240823 15:55:46.731" endtime="20240823 15:55:46.962"/>
</kw>
<kw name="Click Element" library="SeleniumLibrary">
<arg>${Detail-HomeStay}</arg>
<doc>Click the element identified by ``locator``.</doc>
<msg timestamp="20240823 15:55:46.962" level="INFO">Clicking element 'id=Name-Homestay'.</msg>
<status status="PASS" starttime="20240823 15:55:46.962" endtime="20240823 15:55:47.001"/>
</kw>
<kw name="Wait Until Element Is Visible" library="SeleniumLibrary">
<arg>${NameDetail}</arg>
<doc>Waits until the element ``locator`` is visible.</doc>
<status status="PASS" starttime="20240823 15:55:47.001" endtime="20240823 15:55:47.224"/>
</kw>
<kw name="Element Text Should Be" library="SeleniumLibrary">
<arg>${NameDetail}</arg>
<arg>บ้านปายดิน ออร์แกนิค ฟาร์มสเตย์วอร์ไซต์</arg>
<doc>Verifies that element ``locator`` contains exact the text ``expected``.</doc>
<msg timestamp="20240823 15:55:47.224" level="WARN">Keyword 'Element Text Should Be' found both from a custom library 'SeleniumLibrary' and a standard library 'XML'. The custom keyword is used. To select explicitly, and to get rid of this warning, use either 'SeleniumLibrary.Element Text Should Be' or 'XML.Element Text Should Be'.</msg>
<msg timestamp="20240823 15:55:47.226" level="INFO">Verifying element 'xpath=//*[@id="homeStayDetail"]/div[4]/div[1]/div[1]/div[1]/div/div[1]' contains exact text 'บ้านปายดิน ออร์แกนิค ฟาร์มสเตย์วอร์ไซต์'.</msg>
<status status="PASS" starttime="20240823 15:55:47.224" endtime="20240823 15:55:47.235"/>
</kw>
<kw name="Wait Until Element Is Visible" library="SeleniumLibrary">
<arg>${Review}</arg>
<doc>Waits until the element ``locator`` is visible.</doc>
<status status="PASS" starttime="20240823 15:55:47.235" endtime="20240823 15:55:47.418"/>
</kw>
<kw name="Element Should Contain" library="SeleniumLibrary">
<arg>${Review}</arg>
<arg>รีวิว</arg>
<doc>Verifies that element ``locator`` contains text ``expected``.</doc>
<msg timestamp="20240823 15:55:47.437" level="INFO">Element 'xpath=//*[@id="homeStayDetail"]/div[4]/div[1]/div[1]/div[1]/div/div[2]/div/div[2]' contains text 'รีวิว'.</msg>
<status status="PASS" starttime="20240823 15:55:47.418" endtime="20240823 15:55:47.437"/>
</kw>
<kw name="Wait Until Element Is Visible" library="SeleniumLibrary">
<arg>${Detail}</arg>
<doc>Waits until the element ``locator`` is visible.</doc>
<status status="PASS" starttime="20240823 15:55:47.438" endtime="20240823 15:55:47.452"/>
</kw>
<kw name="Element Text Should Be" library="SeleniumLibrary">
<arg>${Detail}</arg>
<arg>ทางที่พักของเรา บ้านปายดิน ออร์แกนิค ฟาร์มสเตย์ มีความตั้งใจให้ลูกค้าที่เดินทางมา มีความรู้สึกเหมือนมาพักผ่อนที่ บ้าน 🏠 ท่ามกลางความเป็นธรรมชาติ สงบ ไม่วุ่นวาย เพื่อจะได้ชาร์ตแบตและพักผ่อนอย่างเต็มที่ โดยพร้อมที่จะต้อนรับดูแล ด้วยความอบอุ่น จริงใจ เหมือนมาพักบ้านญาติต่างหวัด อาจไม่หรูหราสะดวกสบาย แต่ที่นี่จะเป็นที่ ❤️ พักกาย..พักใจ ❤️ ให้กับทุกๆคน ก่อนตัดสินใจมาพักผ่อน อยากให้ดูรายละเอียดต่างๆ เพื่อเป็นข้อมูลในการตัดสินใจก้านพักค่ะ</arg>
<doc>Verifies that element ``locator`` contains exact the text ``expected``.</doc>
<msg timestamp="20240823 15:55:47.452" level="WARN">Keyword 'Element Text Should Be' found both from a custom library 'SeleniumLibrary' and a standard library 'XML'. The custom keyword is used. To select explicitly, and to get rid of this warning, use either 'SeleniumLibrary.Element Text Should Be' or 'XML.Element Text Should Be'.</msg>
<msg timestamp="20240823 15:55:47.454" level="INFO">Verifying element 'xpath=//*[@id="homeStayDetail"]/div[4]/div[1]/div[1]/div[2]/div' contains exact text 'ทางที่พักของเรา บ้านปายดิน ออร์แกนิค ฟาร์มสเตย์ มีความตั้งใจให้ลูกค้าที่เดินทางมา มีความรู้สึกเหมือนมาพักผ่อนที่ บ้าน 🏠 ท่ามกลางความเป็นธรรมชาติ สงบ ไม่วุ่นวาย เพื่อจะได้ชาร์ตแบตและพักผ่อนอย่างเต็มที่ โดยพร้อมที่จะต้อนรับดูแล ด้วยความอบอุ่น จริงใจ เหมือนมาพักบ้านญาติต่างหวัด อาจไม่หรูหราสะดวกสบาย แต่ที่นี่จะเป็นที่ ❤️ พักกาย..พักใจ ❤️ ให้กับทุกๆคน ก่อนตัดสินใจมาพักผ่อน อยากให้ดูรายละเอียดต่างๆ เพื่อเป็นข้อมูลในการตัดสินใจก้านพักค่ะ'.</msg>
<status status="PASS" starttime="20240823 15:55:47.452" endtime="20240823 15:55:47.467"/>
</kw>
<kw name="Scroll Element Into View" library="SeleniumLibrary">
<arg>${Detail-Room}</arg>
<doc>Scrolls the element identified by ``locator`` into view.</doc>
<status status="PASS" starttime="20240823 15:55:47.467" endtime="20240823 15:55:47.818"/>
</kw>
<kw name="Element Should Contain" library="SeleniumLibrary">
<arg>${Facilities}</arg>
<arg>สิ่งอำนวยความสะดวก</arg>
<doc>Verifies that element ``locator`` contains text ``expected``.</doc>
<msg timestamp="20240823 15:55:47.837" level="INFO">Element 'id=facilities' contains text 'สิ่งอำนวยความสะดวก'.</msg>
<status status="PASS" starttime="20240823 15:55:47.818" endtime="20240823 15:55:47.837"/>
</kw>
<status status="PASS" starttime="20240823 15:55:46.730" endtime="20240823 15:55:47.837"/>
</kw>
<kw name="Create Screenshot Directory">
<kw name="Create Directory" library="OperatingSystem">
<arg>${SCREENSHOT_DIR}</arg>
<doc>Creates the specified directory.</doc>
<msg timestamp="20240823 15:55:47.838" level="INFO" html="true">Directory '&lt;a href="file://C:\Users\User\Desktop\Final_Project\test_H2OProject\Test_ViewDetail\screenshots\HomeStay"&gt;C:\Users\User\Desktop\Final_Project\test_H2OProject\Test_ViewDetail\screenshots\HomeStay&lt;/a&gt;' already exists.</msg>
<status status="PASS" starttime="20240823 15:55:47.837" endtime="20240823 15:55:47.838"/>
</kw>
<kw name="Remove Old Screenshots">
<kw name="List Files In Directory" library="OperatingSystem">
<var>${files}</var>
<arg>${SCREENSHOT_DIR}</arg>
<doc>Wrapper for `List Directory` that returns only files.</doc>
<msg timestamp="20240823 15:55:47.838" level="INFO" html="true">Listing contents of directory '&lt;a href="file://C:\Users\User\Desktop\Final_Project\test_H2OProject\Test_ViewDetail\screenshots\HomeStay"&gt;C:\Users\User\Desktop\Final_Project\test_H2OProject\Test_ViewDetail\screenshots\HomeStay&lt;/a&gt;'.</msg>
<msg timestamp="20240823 15:55:47.839" level="INFO">1 file:
screenshot_1724403164.png</msg>
<msg timestamp="20240823 15:55:47.839" level="INFO">${files} = ['screenshot_1724403164.png']</msg>
<status status="PASS" starttime="20240823 15:55:47.838" endtime="20240823 15:55:47.839"/>
</kw>
<for flavor="IN">
<var>${file}</var>
<value>@{files}</value>
<iter>
<var name="${file}">screenshot_1724403164.png</var>
<kw name="Remove File" library="OperatingSystem">
<arg>${SCREENSHOT_DIR}/${file}</arg>
<doc>Removes a file with the given path.</doc>
<msg timestamp="20240823 15:55:47.840" level="INFO" html="true">Removed file '&lt;a href="file://C:\Users\User\Desktop\Final_Project\test_H2OProject\Test_ViewDetail\screenshots\HomeStay\screenshot_1724403164.png"&gt;C:\Users\User\Desktop\Final_Project\test_H2OProject\Test_ViewDetail\screenshots\HomeStay\screenshot_1724403164.png&lt;/a&gt;'.</msg>
<status status="PASS" starttime="20240823 15:55:47.839" endtime="20240823 15:55:47.841"/>
</kw>
<status status="PASS" starttime="20240823 15:55:47.839" endtime="20240823 15:55:47.841"/>
</iter>
<status status="PASS" starttime="20240823 15:55:47.839" endtime="20240823 15:55:47.841"/>
</for>
<status status="PASS" starttime="20240823 15:55:47.838" endtime="20240823 15:55:47.841"/>
</kw>
<status status="PASS" starttime="20240823 15:55:47.837" endtime="20240823 15:55:47.841"/>
</kw>
<kw name="Capture Screenshot">
<kw name="Get Time" library="BuiltIn">
<var>${timestamp}</var>
<arg>epoch</arg>
<doc>Returns the given time in the requested format.</doc>
<msg timestamp="20240823 15:55:47.842" level="INFO">${timestamp} = 1724403347</msg>
<status status="PASS" starttime="20240823 15:55:47.842" endtime="20240823 15:55:47.842"/>
</kw>
<kw name="Set Variable" library="BuiltIn">
<var>${screenshot_path}</var>
<arg>${SCREENSHOT_DIR}/screenshot_${timestamp}.png</arg>
<doc>Returns the given values which can then be assigned to a variables.</doc>
<msg timestamp="20240823 15:55:47.842" level="INFO">${screenshot_path} = C:\Users\User\Desktop\Final_Project\test_H2OProject\Test_ViewDetail/screenshots/HomeStay/screenshot_1724403347.png</msg>
<status status="PASS" starttime="20240823 15:55:47.842" endtime="20240823 15:55:47.842"/>
</kw>
<kw name="Capture Page Screenshot" library="SeleniumLibrary">
<arg>${screenshot_path}</arg>
<doc>Takes a screenshot of the current page and embeds it into a log file.</doc>
<msg timestamp="20240823 15:55:48.042" level="INFO" html="true">&lt;/td&gt;&lt;/tr&gt;&lt;tr&gt;&lt;td colspan="3"&gt;&lt;a href="screenshots/HomeStay/screenshot_1724403347.png"&gt;&lt;img src="screenshots/HomeStay/screenshot_1724403347.png" width="800px"&gt;&lt;/a&gt;</msg>
<status status="PASS" starttime="20240823 15:55:47.842" endtime="20240823 15:55:48.042"/>
</kw>
<status status="PASS" starttime="20240823 15:55:47.841" endtime="20240823 15:55:48.042"/>
</kw>
<kw name="Close Browser" library="SeleniumLibrary">
<doc>Closes the current browser.</doc>
<status status="PASS" starttime="20240823 15:55:48.042" endtime="20240823 15:55:50.265"/>
</kw>
<status status="PASS" starttime="20240823 15:55:37.760" endtime="20240823 15:55:50.266"/>
</test>
<status status="PASS" starttime="20240823 15:55:37.551" endtime="20240823 15:55:50.267"/>
</suite>
<statistics>
<total>
<stat pass="1" fail="0" skip="0">All Tests</stat>
</total>
<tag>
</tag>
<suite>
<stat pass="1" fail="0" skip="0" id="s1" name="TC3001">TC3001</stat>
</suite>
</statistics>
<errors>
<msg timestamp="20240823 15:55:47.224" level="WARN">Keyword 'Element Text Should Be' found both from a custom library 'SeleniumLibrary' and a standard library 'XML'. The custom keyword is used. To select explicitly, and to get rid of this warning, use either 'SeleniumLibrary.Element Text Should Be' or 'XML.Element Text Should Be'.</msg>
<msg timestamp="20240823 15:55:47.452" level="WARN">Keyword 'Element Text Should Be' found both from a custom library 'SeleniumLibrary' and a standard library 'XML'. The custom keyword is used. To select explicitly, and to get rid of this warning, use either 'SeleniumLibrary.Element Text Should Be' or 'XML.Element Text Should Be'.</msg>
</errors>
</robot>
