<?xml version="1.0" encoding="UTF-8"?>
<robot generator="Robot 6.0.2 (Python 3.11.4 on win32)" generated="20240910 15:54:58.481" rpa="false" schemaversion="3">
<suite id="s1" name="Test" source="C:\Users\User\Desktop\Final_Project\test_H2OProject\Test_ViewDetail\test">
<suite id="s1-s1" name="TC3001" source="C:\Users\User\Desktop\Final_Project\test_H2OProject\Test_ViewDetail\test\TC3001.robot">
<test id="s1-s1-t1" name="TC3001 ดูรายละเอียดห้องพัก จากการกรอกจากจังหวัด" line="9">
<kw name="Open Browser" library="SeleniumLibrary">
<arg>${URL}</arg>
<arg>${BROWSER}</arg>
<doc>Opens a new browser instance to the optional ``url``.</doc>
<msg timestamp="20240910 15:54:58.675" level="INFO">Opening browser 'Edge' to base url 'http://localhost:5173'.</msg>
<msg timestamp="20240910 15:54:58.680" level="INFO">Executing: C:\Users\User\AppData\Local\Programs\Python\Python311\Lib\site-packages\selenium\webdriver\common\windows\selenium-manager.exe --browser edge --output json</msg>
<status status="PASS" starttime="20240910 15:54:58.674" endtime="20240910 15:55:00.578"/>
</kw>
<kw name="Maximize Browser Window" library="SeleniumLibrary">
<doc>Maximizes current browser window.</doc>
<status status="PASS" starttime="20240910 15:55:00.579" endtime="20240910 15:55:00.616"/>
</kw>
<kw name="LoginUser" library="keywords">
<kw name="Sleep" library="BuiltIn">
<arg>3s</arg>
<doc>Pauses the test executed for the given time.</doc>
<msg timestamp="20240910 15:55:03.619" level="INFO">Slept 3 seconds</msg>
<status status="PASS" starttime="20240910 15:55:00.617" endtime="20240910 15:55:03.619"/>
</kw>
<kw name="Click Element" library="SeleniumLibrary">
<arg>${GetStart}</arg>
<doc>Click the element identified by ``locator``.</doc>
<msg timestamp="20240910 15:55:03.619" level="INFO">Clicking element 'id=GetStarted'.</msg>
<status status="PASS" starttime="20240910 15:55:03.619" endtime="20240910 15:55:03.662"/>
</kw>
<kw name="Input Text" library="SeleniumLibrary">
<arg>${Email}</arg>
<arg>${UserEmail}</arg>
<doc>Types the given ``text`` into the text field identified by ``locator``.</doc>
<msg timestamp="20240910 15:55:03.662" level="INFO">Typing text 'guy.guy0205245@gmail.com' into text field 'name=email'.</msg>
<status status="PASS" starttime="20240910 15:55:03.662" endtime="20240910 15:55:03.799"/>
</kw>
<kw name="Input Text" library="SeleniumLibrary">
<arg>${Password}</arg>
<arg>${UserPassword}</arg>
<doc>Types the given ``text`` into the text field identified by ``locator``.</doc>
<msg timestamp="20240910 15:55:03.799" level="INFO">Typing text 'Guyza123!' into text field 'name=password'.</msg>
<status status="PASS" starttime="20240910 15:55:03.799" endtime="20240910 15:55:03.957"/>
</kw>
<kw name="Click Element" library="SeleniumLibrary">
<arg>${Login}</arg>
<doc>Click the element identified by ``locator``.</doc>
<msg timestamp="20240910 15:55:03.958" level="INFO">Clicking element 'id=Login'.</msg>
<status status="PASS" starttime="20240910 15:55:03.957" endtime="20240910 15:55:04.004"/>
</kw>
<status status="PASS" starttime="20240910 15:55:00.617" endtime="20240910 15:55:04.004"/>
</kw>
<kw name="HomeStayProvine" library="keywords">
<kw name="Scroll Element Into View" library="SeleniumLibrary">
<arg>id=ทั้งหมด[P]</arg>
<doc>Scrolls the element identified by ``locator`` into view.</doc>
<status status="PASS" starttime="20240910 15:55:04.005" endtime="20240910 15:55:04.291"/>
</kw>
<kw name="Click Button" library="SeleniumLibrary">
<arg>${Provine-HOMESTAY}</arg>
<doc>Clicks the button identified by ``locator``.</doc>
<msg timestamp="20240910 15:55:04.292" level="INFO">Clicking button 'id=สุพรรณบุรี'.</msg>
<status status="PASS" starttime="20240910 15:55:04.291" endtime="20240910 15:55:04.472"/>
</kw>
<kw name="Click Element" library="SeleniumLibrary">
<arg>${Name-HOMESTAY}</arg>
<doc>Click the element identified by ``locator``.</doc>
<msg timestamp="20240910 15:55:04.473" level="INFO">Clicking element 'id=detailCard-Home'.</msg>
<status status="PASS" starttime="20240910 15:55:04.472" endtime="20240910 15:55:04.520"/>
</kw>
<status status="PASS" starttime="20240910 15:55:04.005" endtime="20240910 15:55:04.520"/>
</kw>
<kw name="DefinePeopleandRoom" library="keywords">
<kw name="Wait Until Element Is Enabled" library="SeleniumLibrary">
<arg>${People}</arg>
<doc>Waits until the element ``locator`` is enabled.</doc>
<status status="PASS" starttime="20240910 15:55:04.521" endtime="20240910 15:55:04.793"/>
</kw>
<kw name="Scroll Element Into View" library="SeleniumLibrary">
<arg>${People}</arg>
<doc>Scrolls the element identified by ``locator`` into view.</doc>
<status status="PASS" starttime="20240910 15:55:04.793" endtime="20240910 15:55:05.070"/>
</kw>
<kw name="Click Button" library="SeleniumLibrary">
<arg>${People}</arg>
<doc>Clicks the button identified by ``locator``.</doc>
<msg timestamp="20240910 15:55:05.070" level="INFO">Clicking button 'id=people-buttonPackage'.</msg>
<status status="PASS" starttime="20240910 15:55:05.070" endtime="20240910 15:55:05.114"/>
</kw>
<kw name="Click Button" library="SeleniumLibrary">
<arg>${ADULT}</arg>
<doc>Clicks the button identified by ``locator``.</doc>
<msg timestamp="20240910 15:55:05.114" level="INFO">Clicking button 'id=IncreasePeople'.</msg>
<status status="PASS" starttime="20240910 15:55:05.114" endtime="20240910 15:55:05.181"/>
</kw>
<kw name="Click Button" library="SeleniumLibrary">
<arg>${ADULT}</arg>
<doc>Clicks the button identified by ``locator``.</doc>
<msg timestamp="20240910 15:55:05.182" level="INFO">Clicking button 'id=IncreasePeople'.</msg>
<status status="PASS" starttime="20240910 15:55:05.181" endtime="20240910 15:55:05.243"/>
</kw>
<kw name="Click Button" library="SeleniumLibrary">
<arg>${ROOM}</arg>
<doc>Clicks the button identified by ``locator``.</doc>
<msg timestamp="20240910 15:55:05.244" level="INFO">Clicking button 'id=IncreaseRoom'.</msg>
<status status="PASS" starttime="20240910 15:55:05.244" endtime="20240910 15:55:05.304"/>
</kw>
<status status="PASS" starttime="20240910 15:55:04.521" endtime="20240910 15:55:05.304"/>
</kw>
<kw name="StartAndEnd_Date" library="keywords">
<kw name="Click Button" library="SeleniumLibrary">
<arg>${Date}</arg>
<doc>Clicks the button identified by ``locator``.</doc>
<msg timestamp="20240910 15:55:05.305" level="INFO">Clicking button 'id=date-buttonHomstay'.</msg>
<status status="PASS" starttime="20240910 15:55:05.304" endtime="20240910 15:55:05.374"/>
</kw>
<kw name="Click Button" library="SeleniumLibrary">
<arg>${Date-Start}</arg>
<doc>Clicks the button identified by ``locator``.</doc>
<msg timestamp="20240910 15:55:05.375" level="INFO">Clicking button 'xpath=//*[@id="homeStayDetail"]/div[1]/nav/div/div[2]/div/div/div/div[2]/div/div/div/div[2]/button[27]'.</msg>
<status status="PASS" starttime="20240910 15:55:05.374" endtime="20240910 15:55:05.449"/>
</kw>
<kw name="Click Button" library="SeleniumLibrary">
<arg>${Date-End}</arg>
<doc>Clicks the button identified by ``locator``.</doc>
<msg timestamp="20240910 15:55:05.449" level="INFO">Clicking button 'xpath=//*[@id="homeStayDetail"]/div[1]/nav/div/div[2]/div/div/div/div[2]/div/div/div/div[2]/button[29]'.</msg>
<status status="PASS" starttime="20240910 15:55:05.449" endtime="20240910 15:55:05.527"/>
</kw>
<status status="PASS" starttime="20240910 15:55:05.304" endtime="20240910 15:55:05.527"/>
</kw>
<kw name="Choose the name of the room you are interested" library="keywords">
<kw name="Wait Until Element Is Visible" library="SeleniumLibrary">
<arg>${Name-Room}</arg>
<doc>Waits until the element ``locator`` is visible.</doc>
<status status="PASS" starttime="20240910 15:55:05.528" endtime="20240910 15:55:05.551"/>
</kw>
<kw name="Click Element" library="SeleniumLibrary">
<arg>${Name-Room}</arg>
<doc>Click the element identified by ``locator``.</doc>
<msg timestamp="20240910 15:55:05.551" level="INFO">Clicking element 'xpath=//*[@id="homeStayDetail"]/div[3]/div/a[3]'.</msg>
<status status="PASS" starttime="20240910 15:55:05.551" endtime="20240910 15:55:05.586"/>
</kw>
<kw name="Wait Until Element Is Visible" library="SeleniumLibrary">
<arg>xpath=//*[@id="detailTypeRoom"]/div/div/div[1]/div/div[2]/div/div/div[4]/button</arg>
<doc>Waits until the element ``locator`` is visible.</doc>
<status status="PASS" starttime="20240910 15:55:05.586" endtime="20240910 15:55:05.607"/>
</kw>
<kw name="Click Button" library="SeleniumLibrary">
<arg>xpath=//*[@id="detailTypeRoom"]/div/div/div[1]/div/div[2]/div/div/div[4]/button</arg>
<doc>Clicks the button identified by ``locator``.</doc>
<msg timestamp="20240910 15:55:05.607" level="INFO">Clicking button 'xpath=//*[@id="detailTypeRoom"]/div/div/div[1]/div/div[2]/div/div/div[4]/button'.</msg>
<status status="PASS" starttime="20240910 15:55:05.607" endtime="20240910 15:55:05.683"/>
</kw>
<status status="PASS" starttime="20240910 15:55:05.527" endtime="20240910 15:55:05.683"/>
</kw>
<kw name="CheckDetail" library="keywords">
<kw name="Scroll Element Into View" library="SeleniumLibrary">
<arg>xpath=//*[@id="root"]/div[3]/div[2]/div/div/div[1]/div[1]/div/div[2]/div[2]/div[1]</arg>
<doc>Scrolls the element identified by ``locator`` into view.</doc>
<status status="PASS" starttime="20240910 15:55:05.684" endtime="20240910 15:55:06.003"/>
</kw>
<kw name="Element Should Contain" library="SeleniumLibrary">
<arg>xpath=//*[@id="root"]/div[3]/div[2]/div/div/div[1]/div[1]/div/div[2]/div[2]/div[1]</arg>
<arg>Suttiguy</arg>
<doc>Verifies that element ``locator`` contains text ``expected``.</doc>
<msg timestamp="20240910 15:55:06.027" level="INFO">Element 'xpath=//*[@id="root"]/div[3]/div[2]/div/div/div[1]/div[1]/div/div[2]/div[2]/div[1]' contains text 'Suttiguy'.</msg>
<status status="PASS" starttime="20240910 15:55:06.003" endtime="20240910 15:55:06.027"/>
</kw>
<kw name="Element Should Contain" library="SeleniumLibrary">
<arg>xpath=//*[@id="root"]/div[3]/div[2]/div/div/div[1]/div[1]/div/div[2]/div[2]/div[2]</arg>
<arg>${UserEmail}</arg>
<doc>Verifies that element ``locator`` contains text ``expected``.</doc>
<msg timestamp="20240910 15:55:06.050" level="INFO">Element 'xpath=//*[@id="root"]/div[3]/div[2]/div/div/div[1]/div[1]/div/div[2]/div[2]/div[2]' contains text 'guy.guy0205245@gmail.com'.</msg>
<status status="PASS" starttime="20240910 15:55:06.027" endtime="20240910 15:55:06.050"/>
</kw>
<status status="PASS" starttime="20240910 15:55:05.684" endtime="20240910 15:55:06.050"/>
</kw>
<kw name="Sleep" library="BuiltIn">
<arg>10s</arg>
<doc>Pauses the test executed for the given time.</doc>
<msg timestamp="20240910 15:55:16.051" level="INFO">Slept 10 seconds</msg>
<status status="PASS" starttime="20240910 15:55:06.051" endtime="20240910 15:55:16.051"/>
</kw>
<kw name="Close Browser" library="SeleniumLibrary">
<doc>Closes the current browser.</doc>
<status status="PASS" starttime="20240910 15:55:16.051" endtime="20240910 15:55:18.228"/>
</kw>
<status status="PASS" starttime="20240910 15:54:58.673" endtime="20240910 15:55:18.228"/>
</test>
<status status="PASS" starttime="20240910 15:54:58.499" endtime="20240910 15:55:18.229"/>
</suite>
<status status="PASS" starttime="20240910 15:54:58.482" endtime="20240910 15:55:18.230"/>
</suite>
<statistics>
<total>
<stat pass="1" fail="0" skip="0">All Tests</stat>
</total>
<tag>
</tag>
<suite>
<stat pass="1" fail="0" skip="0" id="s1" name="Test">Test</stat>
<stat pass="1" fail="0" skip="0" id="s1-s1" name="TC3001">Test.TC3001</stat>
</suite>
</statistics>
<errors>
</errors>
</robot>
