<?xml version="1.0" encoding="UTF-8"?>
<robot generator="Robot 6.0.2 (Python 3.11.4 on win32)" generated="20240723 16:14:17.857" rpa="false" schemaversion="3">
<suite id="s1" name="Test filterwater" source="C:\Users\User\Desktop\Final_Project\test_H2OProject\Test_Filter\Test_filterwater.robot">
<test id="s1-t1" name="Open Browser Navigate To URL And Forget Password" line="13">
<kw name="Open Browser" library="SeleniumLibrary">
<arg>${URL}</arg>
<arg>${BROWSER}</arg>
<doc>Opens a new browser instance to the optional ``url``.</doc>
<msg timestamp="20240723 16:14:18.048" level="INFO">Opening browser 'Edge' to base url 'http://localhost:5173'.</msg>
<msg timestamp="20240723 16:14:18.054" level="INFO">Executing: C:\Users\User\AppData\Local\Programs\Python\Python311\Lib\site-packages\selenium\webdriver\common\windows\selenium-manager.exe --browser edge --output json</msg>
<status status="PASS" starttime="20240723 16:14:18.048" endtime="20240723 16:14:20.189"/>
</kw>
<kw name="Maximize Browser Window" library="SeleniumLibrary">
<doc>Maximizes current browser window.</doc>
<status status="PASS" starttime="20240723 16:14:20.189" endtime="20240723 16:14:20.239"/>
</kw>
<kw name="Click Element" library="SeleniumLibrary">
<arg>xpath=//div[@id='butttonSelect-Package']/button[3]</arg>
<doc>Click the element identified by ``locator``.</doc>
<msg timestamp="20240723 16:14:20.242" level="INFO">Clicking element 'xpath=//div[@id='butttonSelect-Package']/button[3]'.</msg>
<status status="PASS" starttime="20240723 16:14:20.241" endtime="20240723 16:14:20.351"/>
</kw>
<kw name="Wait Until Element Is Visible" library="SeleniumLibrary">
<arg>xpath=(//img[@alt='images to cards'])[3]</arg>
<arg>timeout=10s</arg>
<doc>Waits until the element ``locator`` is visible.</doc>
<status status="PASS" starttime="20240723 16:14:20.352" endtime="20240723 16:14:20.386"/>
</kw>
<kw name="Scroll Element Into View" library="SeleniumLibrary">
<arg>id=footer</arg>
<doc>Scrolls the element identified by ``locator`` into view.</doc>
<status status="PASS" starttime="20240723 16:14:20.386" endtime="20240723 16:14:20.712"/>
</kw>
<kw name="Element Text Should Be" library="SeleniumLibrary">
<arg>xpath=/html/body/div/div[3]/div[2]/div[2]/div[2]/div[1]/div/div[1]/div</arg>
<arg>ล่องเรือเจ้าพระยา</arg>
<doc>Verifies that element ``locator`` contains exact the text ``expected``.</doc>
<msg timestamp="20240723 16:14:20.713" level="WARN">Keyword 'Element Text Should Be' found both from a custom library 'SeleniumLibrary' and a standard library 'XML'. The custom keyword is used. To select explicitly, and to get rid of this warning, use either 'SeleniumLibrary.Element Text Should Be' or 'XML.Element Text Should Be'.</msg>
<msg timestamp="20240723 16:14:20.715" level="INFO">Verifying element 'xpath=/html/body/div/div[3]/div[2]/div[2]/div[2]/div[1]/div/div[1]/div' contains exact text 'ล่องเรือเจ้าพระยา'.</msg>
<status status="PASS" starttime="20240723 16:14:20.713" endtime="20240723 16:14:20.755"/>
</kw>
<kw name="Capture Screenshot">
<kw name="Get Time" library="BuiltIn">
<var>${timestamp}</var>
<arg>epoch</arg>
<doc>Returns the given time in the requested format.</doc>
<msg timestamp="20240723 16:14:20.756" level="INFO">${timestamp} = 1721726060</msg>
<status status="PASS" starttime="20240723 16:14:20.756" endtime="20240723 16:14:20.756"/>
</kw>
<kw name="Set Variable" library="BuiltIn">
<var>${screenshot_path}</var>
<arg>${SCREENSHOT_DIR}/screenshot_${timestamp}.png</arg>
<doc>Returns the given values which can then be assigned to a variables.</doc>
<msg timestamp="20240723 16:14:20.757" level="INFO">${screenshot_path} = C:\Users\User\Desktop\Final_Project\test_H2OProject\Test_Filter/screenshots/screenshot_1721726060.png</msg>
<status status="PASS" starttime="20240723 16:14:20.756" endtime="20240723 16:14:20.757"/>
</kw>
<kw name="Capture Page Screenshot" library="SeleniumLibrary">
<arg>${screenshot_path}</arg>
<doc>Takes a screenshot of the current page and embeds it into a log file.</doc>
<msg timestamp="20240723 16:14:20.976" level="INFO" html="true">&lt;/td&gt;&lt;/tr&gt;&lt;tr&gt;&lt;td colspan="3"&gt;&lt;a href="screenshots/screenshot_1721726060.png"&gt;&lt;img src="screenshots/screenshot_1721726060.png" width="800px"&gt;&lt;/a&gt;</msg>
<status status="PASS" starttime="20240723 16:14:20.757" endtime="20240723 16:14:20.977"/>
</kw>
<status status="PASS" starttime="20240723 16:14:20.755" endtime="20240723 16:14:20.977"/>
</kw>
<kw name="Close Browser" library="SeleniumLibrary">
<doc>Closes the current browser.</doc>
<status status="PASS" starttime="20240723 16:14:20.977" endtime="20240723 16:14:23.171"/>
</kw>
<doc>Forgot Password process Failed to send OTP.</doc>
<status status="PASS" starttime="20240723 16:14:18.047" endtime="20240723 16:14:23.172"/>
</test>
<status status="PASS" starttime="20240723 16:14:17.858" endtime="20240723 16:14:23.173"/>
</suite>
<statistics>
<total>
<stat pass="1" fail="0" skip="0">All Tests</stat>
</total>
<tag>
</tag>
<suite>
<stat pass="1" fail="0" skip="0" id="s1" name="Test filterwater">Test filterwater</stat>
</suite>
</statistics>
<errors>
<msg timestamp="20240723 16:14:20.713" level="WARN">Keyword 'Element Text Should Be' found both from a custom library 'SeleniumLibrary' and a standard library 'XML'. The custom keyword is used. To select explicitly, and to get rid of this warning, use either 'SeleniumLibrary.Element Text Should Be' or 'XML.Element Text Should Be'.</msg>
</errors>
</robot>
