<?xml version="1.0" encoding="UTF-8"?>
<robot generator="Robot 6.0.2 (Python 3.11.4 on win32)" generated="20240719 21:23:42.851" rpa="false" schemaversion="3">
<suite id="s1" name="TestforgetFailed" source="C:\Users\User\Desktop\Final_Project\test_H2OProject\Test_ForgetPassword\TestforgetFailed.robot">
<test id="s1-t1" name="Open Browser Navigate To URL And Forget Password" line="15">
<kw name="Open Browser" library="SeleniumLibrary">
<arg>${URL}</arg>
<arg>${BROWSER}</arg>
<doc>Opens a new browser instance to the optional ``url``.</doc>
<msg timestamp="20240719 21:23:43.057" level="INFO">Opening browser 'Edge' to base url 'http://localhost:5173'.</msg>
<msg timestamp="20240719 21:23:43.065" level="INFO">Executing: C:\Users\User\AppData\Local\Programs\Python\Python311\Lib\site-packages\selenium\webdriver\common\windows\selenium-manager.exe --browser edge --output json</msg>
<status status="PASS" starttime="20240719 21:23:43.056" endtime="20240719 21:23:51.275"/>
</kw>
<kw name="Maximize Browser Window" library="SeleniumLibrary">
<doc>Maximizes current browser window.</doc>
<status status="PASS" starttime="20240719 21:23:51.276" endtime="20240719 21:23:51.303"/>
</kw>
<kw name="Click Element" library="SeleniumLibrary">
<arg>${GetStart}</arg>
<doc>Click the element identified by ``locator``.</doc>
<msg timestamp="20240719 21:23:51.306" level="INFO">Clicking element 'id=GetStarted'.</msg>
<status status="PASS" starttime="20240719 21:23:51.304" endtime="20240719 21:23:51.368"/>
</kw>
<kw name="Click Element" library="SeleniumLibrary">
<arg>css=.label-text-alt</arg>
<doc>Click the element identified by ``locator``.</doc>
<msg timestamp="20240719 21:23:51.369" level="INFO">Clicking element 'css=.label-text-alt'.</msg>
<status status="PASS" starttime="20240719 21:23:51.369" endtime="20240719 21:23:51.432"/>
</kw>
<kw name="Sleep" library="BuiltIn">
<arg>${DELAY}</arg>
<doc>Pauses the test executed for the given time.</doc>
<msg timestamp="20240719 21:23:53.433" level="INFO">Slept 2 seconds</msg>
<status status="PASS" starttime="20240719 21:23:51.433" endtime="20240719 21:23:53.433"/>
</kw>
<kw name="Input Text" library="SeleniumLibrary">
<arg>id=swal2-input</arg>
<arg>${EMAIL}</arg>
<doc>Types the given ``text`` into the text field identified by ``locator``.</doc>
<msg timestamp="20240719 21:23:53.435" level="INFO">Typing text 'guy.guy0205245@gmail.com' into text field 'id=swal2-input'.</msg>
<status status="PASS" starttime="20240719 21:23:53.433" endtime="20240719 21:23:53.539"/>
</kw>
<kw name="Click Element" library="SeleniumLibrary">
<arg>css=.swal2-confirm</arg>
<doc>Click the element identified by ``locator``.</doc>
<msg timestamp="20240719 21:23:53.540" level="INFO">Clicking element 'css=.swal2-confirm'.</msg>
<status status="PASS" starttime="20240719 21:23:53.540" endtime="20240719 21:23:53.578"/>
</kw>
<kw name="Sleep" library="BuiltIn">
<arg>${DELAY}</arg>
<doc>Pauses the test executed for the given time.</doc>
<msg timestamp="20240719 21:23:55.578" level="INFO">Slept 2 seconds</msg>
<status status="PASS" starttime="20240719 21:23:53.578" endtime="20240719 21:23:55.578"/>
</kw>
<kw name="Input Text" library="SeleniumLibrary">
<arg>id=swal2-input</arg>
<arg>${PHONE}</arg>
<doc>Types the given ``text`` into the text field identified by ``locator``.</doc>
<msg timestamp="20240719 21:23:55.581" level="INFO">Typing text '0614294288' into text field 'id=swal2-input'.</msg>
<status status="PASS" starttime="20240719 21:23:55.579" endtime="20240719 21:23:55.640"/>
</kw>
<kw name="Click Element" library="SeleniumLibrary">
<arg>css=.swal2-confirm</arg>
<doc>Click the element identified by ``locator``.</doc>
<msg timestamp="20240719 21:23:55.640" level="INFO">Clicking element 'css=.swal2-confirm'.</msg>
<status status="PASS" starttime="20240719 21:23:55.640" endtime="20240719 21:23:55.673"/>
</kw>
<kw name="Sleep" library="BuiltIn">
<arg>10s</arg>
<doc>Pauses the test executed for the given time.</doc>
<msg timestamp="20240719 21:24:05.674" level="INFO">Slept 10 seconds</msg>
<status status="PASS" starttime="20240719 21:23:55.673" endtime="20240719 21:24:05.674"/>
</kw>
<kw name="Wait Until Element Is Visible" library="SeleniumLibrary">
<arg>id=reCAPTCHA</arg>
<arg>timeout=20s</arg>
<doc>Waits until the element ``locator`` is visible.</doc>
<status status="PASS" starttime="20240719 21:24:05.675" endtime="20240719 21:24:05.706"/>
</kw>
<kw name="Click Element" library="SeleniumLibrary">
<arg>id=reCAPTCHA</arg>
<doc>Click the element identified by ``locator``.</doc>
<msg timestamp="20240719 21:24:05.707" level="INFO">Clicking element 'id=reCAPTCHA'.</msg>
<status status="PASS" starttime="20240719 21:24:05.707" endtime="20240719 21:24:05.773"/>
</kw>
<kw name="Wait Until Element Contains" library="SeleniumLibrary">
<arg>xpath=/html/body/div[2]/div</arg>
<arg>Failed to send OTP. Please try again.</arg>
<doc>Waits until the element ``locator`` contains ``text``.</doc>
<status status="PASS" starttime="20240719 21:24:05.774" endtime="20240719 21:24:07.143"/>
</kw>
<kw name="Sleep" library="BuiltIn">
<arg>10s</arg>
<doc>Pauses the test executed for the given time.</doc>
<msg timestamp="20240719 21:24:17.143" level="INFO">Slept 10 seconds</msg>
<status status="PASS" starttime="20240719 21:24:07.143" endtime="20240719 21:24:17.143"/>
</kw>
<doc>Forgot Password process Failed to send OTP.</doc>
<status status="PASS" starttime="20240719 21:23:43.056" endtime="20240719 21:24:17.143"/>
</test>
<status status="PASS" starttime="20240719 21:23:42.852" endtime="20240719 21:24:17.144"/>
</suite>
<statistics>
<total>
<stat pass="1" fail="0" skip="0">All Tests</stat>
</total>
<tag>
</tag>
<suite>
<stat pass="1" fail="0" skip="0" id="s1" name="TestforgetFailed">TestforgetFailed</stat>
</suite>
</statistics>
<errors>
</errors>
</robot>
