<?xml version="1.0" encoding="UTF-8"?>
<robot generator="Robot 6.0.2 (Python 3.11.4 on win32)" generated="20241027 11:56:29.050" rpa="false" schemaversion="3">
<suite id="s1" name="Test Recommend" source="C:\Users\User\Desktop\Final_Project\Project\test_H2OProject\Test_Recommend\Test_Recommend.robot">
<test id="s1-t1" name="TC1001 แนะนำที่พัก จาก Homestays Recommend" line="9">
<kw name="Open Browser" library="SeleniumLibrary">
<arg>${URL}</arg>
<arg>${BROWSER}</arg>
<doc>Opens a new browser instance to the optional ``url``.</doc>
<msg timestamp="20241027 11:56:29.245" level="INFO">Opening browser 'Edge' to base url 'http://47.129.247.9/'.</msg>
<msg timestamp="20241027 11:56:29.267" level="INFO">Executing: C:\Users\User\AppData\Local\Programs\Python\Python311\Lib\site-packages\selenium\webdriver\common\windows\selenium-manager.exe --browser edge --output json</msg>
<status status="PASS" starttime="20241027 11:56:29.245" endtime="20241027 11:56:34.729"/>
</kw>
<kw name="Maximize Browser Window" library="SeleniumLibrary">
<doc>Maximizes current browser window.</doc>
<status status="PASS" starttime="20241027 11:56:34.730" endtime="20241027 11:56:34.782"/>
</kw>
<kw name="SortByHomestays Recommend" library="keywords">
<kw name="Sleep" library="BuiltIn">
<arg>3s</arg>
<doc>Pauses the test executed for the given time.</doc>
<msg timestamp="20241027 11:56:37.784" level="INFO">Slept 3 seconds</msg>
<status status="PASS" starttime="20241027 11:56:34.783" endtime="20241027 11:56:37.784"/>
</kw>
<kw name="Scroll Element Into View" library="SeleniumLibrary">
<arg>id=ทั้งหมด[P]</arg>
<doc>Scrolls the element identified by ``locator`` into view.</doc>
<status status="PASS" starttime="20241027 11:56:37.784" endtime="20241027 11:56:38.078"/>
</kw>
<kw name="Click Element" library="SeleniumLibrary">
<arg>${SortByProvince}</arg>
<doc>Click the element identified by ``locator``.</doc>
<msg timestamp="20241027 11:56:38.079" level="INFO">Clicking element 'id=ราชบุรี'.</msg>
<status status="PASS" starttime="20241027 11:56:38.078" endtime="20241027 11:56:38.119"/>
</kw>
<status status="PASS" starttime="20241027 11:56:34.782" endtime="20241027 11:56:38.119"/>
</kw>
<kw name="Wait Until Element Contains" library="SeleniumLibrary">
<arg>id=detailCard-Home</arg>
<arg>ราชบุรี</arg>
<doc>Waits until the element ``locator`` contains ``text``.</doc>
<status status="PASS" starttime="20241027 11:56:38.120" endtime="20241027 11:56:38.142"/>
</kw>
<kw name="Element Should Contain" library="SeleniumLibrary">
<arg>id=detailCard-Home</arg>
<arg>ราชบุรี</arg>
<doc>Verifies that element ``locator`` contains text ``expected``.</doc>
<msg timestamp="20241027 11:56:38.155" level="INFO">Element 'id=detailCard-Home' contains text 'ราชบุรี'.</msg>
<status status="PASS" starttime="20241027 11:56:38.143" endtime="20241027 11:56:38.155"/>
</kw>
<kw name="Capture Screenshot" library="keywords">
<kw name="Sleep" library="BuiltIn">
<arg>5s</arg>
<doc>Pauses the test executed for the given time.</doc>
<msg timestamp="20241027 11:56:43.156" level="INFO">Slept 5 seconds</msg>
<status status="PASS" starttime="20241027 11:56:38.156" endtime="20241027 11:56:43.156"/>
</kw>
<kw name="Get Time" library="BuiltIn">
<var>${timestamp}</var>
<arg>epoch</arg>
<doc>Returns the given time in the requested format.</doc>
<msg timestamp="20241027 11:56:43.157" level="INFO">${timestamp} = 1730005003</msg>
<status status="PASS" starttime="20241027 11:56:43.157" endtime="20241027 11:56:43.157"/>
</kw>
<kw name="Set Variable" library="BuiltIn">
<var>${screenshot_path}</var>
<arg>${SCREENSHOT_DIR}/screenshot_${timestamp}.png</arg>
<doc>Returns the given values which can then be assigned to a variables.</doc>
<msg timestamp="20241027 11:56:43.157" level="INFO">${screenshot_path} = C:\Users\User\Desktop\Final_Project\Project\test_H2OProject\Test_Recommend/screenshots/Search/screenshot_1730005003.png</msg>
<status status="PASS" starttime="20241027 11:56:43.157" endtime="20241027 11:56:43.157"/>
</kw>
<kw name="Capture Page Screenshot" library="SeleniumLibrary">
<arg>${screenshot_path}</arg>
<doc>Takes a screenshot of the current page and embeds it into a log file.</doc>
<msg timestamp="20241027 11:56:43.278" level="INFO" html="true">&lt;/td&gt;&lt;/tr&gt;&lt;tr&gt;&lt;td colspan="3"&gt;&lt;a href="screenshots/Search/screenshot_1730005003.png"&gt;&lt;img src="screenshots/Search/screenshot_1730005003.png" width="800px"&gt;&lt;/a&gt;</msg>
<status status="PASS" starttime="20241027 11:56:43.157" endtime="20241027 11:56:43.278"/>
</kw>
<status status="PASS" starttime="20241027 11:56:38.155" endtime="20241027 11:56:43.279"/>
</kw>
<kw name="Close Browser" library="SeleniumLibrary">
<doc>Closes the current browser.</doc>
<status status="PASS" starttime="20241027 11:56:43.279" endtime="20241027 11:56:45.495"/>
</kw>
<status status="PASS" starttime="20241027 11:56:29.244" endtime="20241027 11:56:45.495"/>
</test>
<test id="s1-t2" name="TC1002 แนะนำที่แพ็คเกจ จาก Recommended Packages" line="18">
<kw name="Open Browser" library="SeleniumLibrary">
<arg>${URL}</arg>
<arg>${BROWSER}</arg>
<doc>Opens a new browser instance to the optional ``url``.</doc>
<msg timestamp="20241027 11:56:45.497" level="INFO">Opening browser 'Edge' to base url 'http://47.129.247.9/'.</msg>
<msg timestamp="20241027 11:56:45.503" level="INFO">Executing: C:\Users\User\AppData\Local\Programs\Python\Python311\Lib\site-packages\selenium\webdriver\common\windows\selenium-manager.exe --browser edge --output json</msg>
<status status="PASS" starttime="20241027 11:56:45.497" endtime="20241027 11:56:49.446"/>
</kw>
<kw name="Maximize Browser Window" library="SeleniumLibrary">
<doc>Maximizes current browser window.</doc>
<status status="PASS" starttime="20241027 11:56:49.447" endtime="20241027 11:56:49.500"/>
</kw>
<kw name="SortByPackage Recommend" library="keywords">
<kw name="Sleep" library="BuiltIn">
<arg>3s</arg>
<doc>Pauses the test executed for the given time.</doc>
<msg timestamp="20241027 11:56:52.502" level="INFO">Slept 3 seconds</msg>
<status status="PASS" starttime="20241027 11:56:49.501" endtime="20241027 11:56:52.502"/>
</kw>
<kw name="Scroll Element Into View" library="SeleniumLibrary">
<arg>id=footer</arg>
<doc>Scrolls the element identified by ``locator`` into view.</doc>
<status status="PASS" starttime="20241027 11:56:52.502" endtime="20241027 11:56:52.798"/>
</kw>
<kw name="Click Element" library="SeleniumLibrary">
<arg>${SortByType}</arg>
<doc>Click the element identified by ``locator``.</doc>
<msg timestamp="20241027 11:56:52.799" level="INFO">Clicking element 'id=ทางน้ำ'.</msg>
<status status="PASS" starttime="20241027 11:56:52.798" endtime="20241027 11:56:52.848"/>
</kw>
<status status="PASS" starttime="20241027 11:56:49.501" endtime="20241027 11:56:52.848"/>
</kw>
<kw name="Wait Until Element Contains" library="SeleniumLibrary">
<arg>id=Type-Package</arg>
<arg>การท่องเที่ยวทางน้ำ</arg>
<doc>Waits until the element ``locator`` contains ``text``.</doc>
<status status="PASS" starttime="20241027 11:56:52.849" endtime="20241027 11:56:52.884"/>
</kw>
<kw name="Element Should Contain" library="SeleniumLibrary">
<arg>id=Type-Package</arg>
<arg>การท่องเที่ยวทางน้ำ</arg>
<doc>Verifies that element ``locator`` contains text ``expected``.</doc>
<msg timestamp="20241027 11:56:52.928" level="INFO">Element 'id=Type-Package' contains text 'การท่องเที่ยวทางน้ำ'.</msg>
<status status="PASS" starttime="20241027 11:56:52.884" endtime="20241027 11:56:52.928"/>
</kw>
<kw name="Capture Screenshot" library="keywords">
<kw name="Sleep" library="BuiltIn">
<arg>5s</arg>
<doc>Pauses the test executed for the given time.</doc>
<msg timestamp="20241027 11:56:57.930" level="INFO">Slept 5 seconds</msg>
<status status="PASS" starttime="20241027 11:56:52.929" endtime="20241027 11:56:57.930"/>
</kw>
<kw name="Get Time" library="BuiltIn">
<var>${timestamp}</var>
<arg>epoch</arg>
<doc>Returns the given time in the requested format.</doc>
<msg timestamp="20241027 11:56:57.930" level="INFO">${timestamp} = 1730005017</msg>
<status status="PASS" starttime="20241027 11:56:57.930" endtime="20241027 11:56:57.930"/>
</kw>
<kw name="Set Variable" library="BuiltIn">
<var>${screenshot_path}</var>
<arg>${SCREENSHOT_DIR}/screenshot_${timestamp}.png</arg>
<doc>Returns the given values which can then be assigned to a variables.</doc>
<msg timestamp="20241027 11:56:57.930" level="INFO">${screenshot_path} = C:\Users\User\Desktop\Final_Project\Project\test_H2OProject\Test_Recommend/screenshots/Search/screenshot_1730005017.png</msg>
<status status="PASS" starttime="20241027 11:56:57.930" endtime="20241027 11:56:57.930"/>
</kw>
<kw name="Capture Page Screenshot" library="SeleniumLibrary">
<arg>${screenshot_path}</arg>
<doc>Takes a screenshot of the current page and embeds it into a log file.</doc>
<msg timestamp="20241027 11:56:58.120" level="INFO" html="true">&lt;/td&gt;&lt;/tr&gt;&lt;tr&gt;&lt;td colspan="3"&gt;&lt;a href="screenshots/Search/screenshot_1730005017.png"&gt;&lt;img src="screenshots/Search/screenshot_1730005017.png" width="800px"&gt;&lt;/a&gt;</msg>
<status status="PASS" starttime="20241027 11:56:57.930" endtime="20241027 11:56:58.120"/>
</kw>
<status status="PASS" starttime="20241027 11:56:52.929" endtime="20241027 11:56:58.121"/>
</kw>
<kw name="Close Browser" library="SeleniumLibrary">
<doc>Closes the current browser.</doc>
<status status="PASS" starttime="20241027 11:56:58.121" endtime="20241027 11:57:00.280"/>
</kw>
<status status="PASS" starttime="20241027 11:56:45.496" endtime="20241027 11:57:00.281"/>
</test>
<status status="PASS" starttime="20241027 11:56:29.051" endtime="20241027 11:57:00.283"/>
</suite>
<statistics>
<total>
<stat pass="2" fail="0" skip="0">All Tests</stat>
</total>
<tag>
</tag>
<suite>
<stat pass="2" fail="0" skip="0" id="s1" name="Test Recommend">Test Recommend</stat>
</suite>
</statistics>
<errors>
</errors>
</robot>
