<?xml version="1.0" encoding="UTF-8"?>
<robot generator="Robot 6.0.2 (Python 3.11.4 on win32)" generated="20241008 23:26:33.902" rpa="false" schemaversion="3">
<suite id="s1" name="test Search" source="C:\Users\User\Desktop\Final_Project\test_H2OProject\Test_search\test_Search.robot">
<test id="s1-t1" name="TC2001 ค้นหาที่พักโดยค้นหาจากชื่อที่จังหวัด" line="9">
<kw name="Open Browser" library="SeleniumLibrary">
<arg>${URL}</arg>
<arg>${BROWSER}</arg>
<doc>Opens a new browser instance to the optional ``url``.</doc>
<msg timestamp="20241008 23:26:34.100" level="INFO">Opening browser 'Edge' to base url 'https://h2-o-project-two.vercel.app'.</msg>
<msg timestamp="20241008 23:26:34.107" level="INFO">Executing: C:\Users\User\AppData\Local\Programs\Python\Python311\Lib\site-packages\selenium\webdriver\common\windows\selenium-manager.exe --browser edge --output json</msg>
<status status="PASS" starttime="20241008 23:26:34.100" endtime="20241008 23:26:36.072"/>
</kw>
<kw name="Maximize Browser Window" library="SeleniumLibrary">
<doc>Maximizes current browser window.</doc>
<status status="PASS" starttime="20241008 23:26:36.072" endtime="20241008 23:26:36.116"/>
</kw>
<kw name="InputNameProvince" library="keywords">
<kw name="Wait Until Element Is Visible" library="SeleniumLibrary">
<arg>${NameSearch}</arg>
<arg>2s</arg>
<doc>Waits until the element ``locator`` is visible.</doc>
<status status="PASS" starttime="20241008 23:26:36.117" endtime="20241008 23:26:36.357"/>
</kw>
<kw name="Click Element" library="SeleniumLibrary">
<arg>${NameSearch}</arg>
<doc>Click the element identified by ``locator``.</doc>
<msg timestamp="20241008 23:26:36.358" level="INFO">Clicking element 'id=search-text'.</msg>
<status status="PASS" starttime="20241008 23:26:36.357" endtime="20241008 23:26:36.415"/>
</kw>
<kw name="Input Text" library="SeleniumLibrary">
<arg>${NameSearch}</arg>
<arg>${InputSearchProvince}</arg>
<doc>Types the given ``text`` into the text field identified by ``locator``.</doc>
<msg timestamp="20241008 23:26:36.415" level="INFO">Typing text 'สุพรรณบุรี' into text field 'id=search-text'.</msg>
<status status="PASS" starttime="20241008 23:26:36.415" endtime="20241008 23:26:36.512"/>
</kw>
<status status="PASS" starttime="20241008 23:26:36.117" endtime="20241008 23:26:36.512"/>
</kw>
<kw name="DefinePeople" library="keywords">
<kw name="Click Button" library="SeleniumLibrary">
<arg>${People}</arg>
<doc>Clicks the button identified by ``locator``.</doc>
<msg timestamp="20241008 23:26:36.513" level="INFO">Clicking button 'id=people-buttonHomstay'.</msg>
<status status="PASS" starttime="20241008 23:26:36.513" endtime="20241008 23:26:36.586"/>
</kw>
<kw name="Click Button" library="SeleniumLibrary">
<arg>${Young}</arg>
<doc>Clicks the button identified by ``locator``.</doc>
<msg timestamp="20241008 23:26:36.586" level="INFO">Clicking button 'id=Increase[1]'.</msg>
<status status="PASS" starttime="20241008 23:26:36.586" endtime="20241008 23:26:36.638"/>
</kw>
<status status="PASS" starttime="20241008 23:26:36.512" endtime="20241008 23:26:36.638"/>
</kw>
<kw name="StartandEnd_Date" library="keywords">
<kw name="Click Button" library="SeleniumLibrary">
<arg>${Date}</arg>
<doc>Clicks the button identified by ``locator``.</doc>
<msg timestamp="20241008 23:26:36.639" level="INFO">Clicking button 'id=date-buttonHomstay'.</msg>
<status status="PASS" starttime="20241008 23:26:36.639" endtime="20241008 23:26:36.700"/>
</kw>
<kw name="Click Button" library="SeleniumLibrary">
<arg>${Date-Start}</arg>
<doc>Clicks the button identified by ``locator``.</doc>
<msg timestamp="20241008 23:26:36.701" level="INFO">Clicking button 'xpath=//*[@id="Calendar"]/div/div[2]/div/div/div/div[2]/button[26]'.</msg>
<status status="PASS" starttime="20241008 23:26:36.700" endtime="20241008 23:26:36.764"/>
</kw>
<kw name="Click Button" library="SeleniumLibrary">
<arg>${Date-End}</arg>
<doc>Clicks the button identified by ``locator``.</doc>
<msg timestamp="20241008 23:26:36.764" level="INFO">Clicking button 'xpath=//*[@id="Calendar"]/div/div[2]/div/div/div/div[2]/button[27]'.</msg>
<status status="PASS" starttime="20241008 23:26:36.764" endtime="20241008 23:26:36.830"/>
</kw>
<status status="PASS" starttime="20241008 23:26:36.638" endtime="20241008 23:26:36.831"/>
</kw>
<kw name="Click Element" library="SeleniumLibrary">
<arg>${Search}</arg>
<doc>Click the element identified by ``locator``.</doc>
<msg timestamp="20241008 23:26:36.832" level="INFO">Clicking element 'id=search-Homestay'.</msg>
<status status="PASS" starttime="20241008 23:26:36.832" endtime="20241008 23:26:36.926"/>
</kw>
<kw name="Wait Until Element Contains" library="SeleniumLibrary">
<arg>${Province-HomeStay}</arg>
<arg>${InputSearchProvince}</arg>
<arg>10s</arg>
<doc>Waits until the element ``locator`` contains ``text``.</doc>
<status status="PASS" starttime="20241008 23:26:36.927" endtime="20241008 23:26:37.180"/>
</kw>
<kw name="Element Should Contain" library="SeleniumLibrary">
<arg>${Province-HomeStay}</arg>
<arg>${InputSearchProvince}</arg>
<doc>Verifies that element ``locator`` contains text ``expected``.</doc>
<msg timestamp="20241008 23:26:37.198" level="INFO">Element 'xpath=//*[@id="detailCard-Homestay"]/div[3]/div/p' contains text 'สุพรรณบุรี'.</msg>
<status status="PASS" starttime="20241008 23:26:37.180" endtime="20241008 23:26:37.198"/>
</kw>
<kw name="Capture Screenshot" library="keywords">
<kw name="Sleep" library="BuiltIn">
<arg>5s</arg>
<doc>Pauses the test executed for the given time.</doc>
<msg timestamp="20241008 23:26:42.199" level="INFO">Slept 5 seconds</msg>
<status status="PASS" starttime="20241008 23:26:37.199" endtime="20241008 23:26:42.199"/>
</kw>
<kw name="Get Time" library="BuiltIn">
<var>${timestamp}</var>
<arg>epoch</arg>
<doc>Returns the given time in the requested format.</doc>
<msg timestamp="20241008 23:26:42.199" level="INFO">${timestamp} = 1728404802</msg>
<status status="PASS" starttime="20241008 23:26:42.199" endtime="20241008 23:26:42.199"/>
</kw>
<kw name="Set Variable" library="BuiltIn">
<var>${screenshot_path}</var>
<arg>${SCREENSHOT_DIR}/screenshot_${timestamp}.png</arg>
<doc>Returns the given values which can then be assigned to a variables.</doc>
<msg timestamp="20241008 23:26:42.200" level="INFO">${screenshot_path} = C:\Users\User\Desktop\Final_Project\test_H2OProject\Test_search/screenshots/Search/screenshot_1728404802.png</msg>
<status status="PASS" starttime="20241008 23:26:42.199" endtime="20241008 23:26:42.200"/>
</kw>
<kw name="Capture Page Screenshot" library="SeleniumLibrary">
<arg>${screenshot_path}</arg>
<doc>Takes a screenshot of the current page and embeds it into a log file.</doc>
<msg timestamp="20241008 23:26:42.365" level="INFO" html="true">&lt;/td&gt;&lt;/tr&gt;&lt;tr&gt;&lt;td colspan="3"&gt;&lt;a href="screenshots/Search/screenshot_1728404802.png"&gt;&lt;img src="screenshots/Search/screenshot_1728404802.png" width="800px"&gt;&lt;/a&gt;</msg>
<status status="PASS" starttime="20241008 23:26:42.200" endtime="20241008 23:26:42.365"/>
</kw>
<status status="PASS" starttime="20241008 23:26:37.199" endtime="20241008 23:26:42.365"/>
</kw>
<kw name="Close Browser" library="SeleniumLibrary">
<doc>Closes the current browser.</doc>
<status status="PASS" starttime="20241008 23:26:42.365" endtime="20241008 23:26:44.552"/>
</kw>
<tag>PassSearchProvince</tag>
<status status="PASS" starttime="20241008 23:26:34.098" endtime="20241008 23:26:44.553"/>
</test>
<test id="s1-t2" name="TC2002 ค้นหาที่พักโดยค้นหาจากชื่อที่จังหวัด" line="22">
<kw name="Open Browser" library="SeleniumLibrary">
<arg>${URL}</arg>
<arg>${BROWSER}</arg>
<doc>Opens a new browser instance to the optional ``url``.</doc>
<msg timestamp="20241008 23:26:44.563" level="INFO">Opening browser 'Edge' to base url 'https://h2-o-project-two.vercel.app'.</msg>
<msg timestamp="20241008 23:26:44.579" level="INFO">Executing: C:\Users\User\AppData\Local\Programs\Python\Python311\Lib\site-packages\selenium\webdriver\common\windows\selenium-manager.exe --browser edge --output json</msg>
<status status="PASS" starttime="20241008 23:26:44.562" endtime="20241008 23:27:25.123"/>
</kw>
<kw name="Maximize Browser Window" library="SeleniumLibrary">
<doc>Maximizes current browser window.</doc>
<status status="PASS" starttime="20241008 23:27:25.123" endtime="20241008 23:27:25.165"/>
</kw>
<kw name="InputNameHomeStay" library="keywords">
<kw name="Wait Until Element Is Visible" library="SeleniumLibrary">
<arg>${NameSearch}</arg>
<arg>2s</arg>
<doc>Waits until the element ``locator`` is visible.</doc>
<status status="PASS" starttime="20241008 23:27:25.168" endtime="20241008 23:27:25.405"/>
</kw>
<kw name="Click Element" library="SeleniumLibrary">
<arg>${NameSearch}</arg>
<doc>Click the element identified by ``locator``.</doc>
<msg timestamp="20241008 23:27:25.405" level="INFO">Clicking element 'id=search-text'.</msg>
<status status="PASS" starttime="20241008 23:27:25.405" endtime="20241008 23:27:25.458"/>
</kw>
<kw name="Input Text" library="SeleniumLibrary">
<arg>${NameSearch}</arg>
<arg>${InputSearchHomestay}</arg>
<doc>Types the given ``text`` into the text field identified by ``locator``.</doc>
<msg timestamp="20241008 23:27:25.459" level="INFO">Typing text 'บ้านปายดิน' into text field 'id=search-text'.</msg>
<status status="PASS" starttime="20241008 23:27:25.458" endtime="20241008 23:27:25.545"/>
</kw>
<status status="PASS" starttime="20241008 23:27:25.166" endtime="20241008 23:27:25.545"/>
</kw>
<kw name="DefinePeople" library="keywords">
<kw name="Click Button" library="SeleniumLibrary">
<arg>${People}</arg>
<doc>Clicks the button identified by ``locator``.</doc>
<msg timestamp="20241008 23:27:25.546" level="INFO">Clicking button 'id=people-buttonHomstay'.</msg>
<status status="PASS" starttime="20241008 23:27:25.545" endtime="20241008 23:27:25.624"/>
</kw>
<kw name="Click Button" library="SeleniumLibrary">
<arg>${Young}</arg>
<doc>Clicks the button identified by ``locator``.</doc>
<msg timestamp="20241008 23:27:25.625" level="INFO">Clicking button 'id=Increase[1]'.</msg>
<status status="PASS" starttime="20241008 23:27:25.624" endtime="20241008 23:27:25.682"/>
</kw>
<status status="PASS" starttime="20241008 23:27:25.545" endtime="20241008 23:27:25.682"/>
</kw>
<kw name="StartandEnd_Date" library="keywords">
<kw name="Click Button" library="SeleniumLibrary">
<arg>${Date}</arg>
<doc>Clicks the button identified by ``locator``.</doc>
<msg timestamp="20241008 23:27:25.684" level="INFO">Clicking button 'id=date-buttonHomstay'.</msg>
<status status="PASS" starttime="20241008 23:27:25.683" endtime="20241008 23:27:25.749"/>
</kw>
<kw name="Click Button" library="SeleniumLibrary">
<arg>${Date-Start}</arg>
<doc>Clicks the button identified by ``locator``.</doc>
<msg timestamp="20241008 23:27:25.749" level="INFO">Clicking button 'xpath=//*[@id="Calendar"]/div/div[2]/div/div/div/div[2]/button[26]'.</msg>
<status status="PASS" starttime="20241008 23:27:25.749" endtime="20241008 23:27:25.810"/>
</kw>
<kw name="Click Button" library="SeleniumLibrary">
<arg>${Date-End}</arg>
<doc>Clicks the button identified by ``locator``.</doc>
<msg timestamp="20241008 23:27:25.811" level="INFO">Clicking button 'xpath=//*[@id="Calendar"]/div/div[2]/div/div/div/div[2]/button[27]'.</msg>
<status status="PASS" starttime="20241008 23:27:25.810" endtime="20241008 23:27:25.894"/>
</kw>
<status status="PASS" starttime="20241008 23:27:25.683" endtime="20241008 23:27:25.894"/>
</kw>
<kw name="Click Element" library="SeleniumLibrary">
<arg>${Search}</arg>
<doc>Click the element identified by ``locator``.</doc>
<msg timestamp="20241008 23:27:25.895" level="INFO">Clicking element 'id=search-Homestay'.</msg>
<status status="PASS" starttime="20241008 23:27:25.894" endtime="20241008 23:27:26.003"/>
</kw>
<kw name="Wait Until Element Contains" library="SeleniumLibrary">
<arg>${Detail-HomeStay}</arg>
<arg>${InputSearchHomestay}</arg>
<arg>10s</arg>
<doc>Waits until the element ``locator`` contains ``text``.</doc>
<status status="PASS" starttime="20241008 23:27:26.003" endtime="20241008 23:27:26.651"/>
</kw>
<kw name="Element Should Contain" library="SeleniumLibrary">
<arg>${Detail-HomeStay}</arg>
<arg>${InputSearchHomestay}</arg>
<doc>Verifies that element ``locator`` contains text ``expected``.</doc>
<msg timestamp="20241008 23:27:26.673" level="INFO">Element 'id=Name-Homestay' contains text 'บ้านปายดิน'.</msg>
<status status="PASS" starttime="20241008 23:27:26.651" endtime="20241008 23:27:26.673"/>
</kw>
<kw name="Capture Screenshot" library="keywords">
<kw name="Sleep" library="BuiltIn">
<arg>5s</arg>
<doc>Pauses the test executed for the given time.</doc>
<msg timestamp="20241008 23:27:31.674" level="INFO">Slept 5 seconds</msg>
<status status="PASS" starttime="20241008 23:27:26.674" endtime="20241008 23:27:31.674"/>
</kw>
<kw name="Get Time" library="BuiltIn">
<var>${timestamp}</var>
<arg>epoch</arg>
<doc>Returns the given time in the requested format.</doc>
<msg timestamp="20241008 23:27:31.675" level="INFO">${timestamp} = 1728404851</msg>
<status status="PASS" starttime="20241008 23:27:31.674" endtime="20241008 23:27:31.675"/>
</kw>
<kw name="Set Variable" library="BuiltIn">
<var>${screenshot_path}</var>
<arg>${SCREENSHOT_DIR}/screenshot_${timestamp}.png</arg>
<doc>Returns the given values which can then be assigned to a variables.</doc>
<msg timestamp="20241008 23:27:31.675" level="INFO">${screenshot_path} = C:\Users\User\Desktop\Final_Project\test_H2OProject\Test_search/screenshots/Search/screenshot_1728404851.png</msg>
<status status="PASS" starttime="20241008 23:27:31.675" endtime="20241008 23:27:31.675"/>
</kw>
<kw name="Capture Page Screenshot" library="SeleniumLibrary">
<arg>${screenshot_path}</arg>
<doc>Takes a screenshot of the current page and embeds it into a log file.</doc>
<msg timestamp="20241008 23:27:31.800" level="INFO" html="true">&lt;/td&gt;&lt;/tr&gt;&lt;tr&gt;&lt;td colspan="3"&gt;&lt;a href="screenshots/Search/screenshot_1728404851.png"&gt;&lt;img src="screenshots/Search/screenshot_1728404851.png" width="800px"&gt;&lt;/a&gt;</msg>
<status status="PASS" starttime="20241008 23:27:31.675" endtime="20241008 23:27:31.800"/>
</kw>
<status status="PASS" starttime="20241008 23:27:26.674" endtime="20241008 23:27:31.800"/>
</kw>
<kw name="Close Browser" library="SeleniumLibrary">
<doc>Closes the current browser.</doc>
<status status="PASS" starttime="20241008 23:27:31.801" endtime="20241008 23:27:33.940"/>
</kw>
<tag>PassSearchProvince</tag>
<status status="PASS" starttime="20241008 23:26:44.557" endtime="20241008 23:27:33.941"/>
</test>
<status status="PASS" starttime="20241008 23:26:33.904" endtime="20241008 23:27:33.943"/>
</suite>
<statistics>
<total>
<stat pass="2" fail="0" skip="0">All Tests</stat>
</total>
<tag>
<stat pass="2" fail="0" skip="0">PassSearchProvince</stat>
</tag>
<suite>
<stat pass="2" fail="0" skip="0" id="s1" name="test Search">test Search</stat>
</suite>
</statistics>
<errors>
</errors>
</robot>
