<?xml version="1.0" encoding="UTF-8"?>
<robot generator="Robot 6.0.2 (Python 3.11.4 on win32)" generated="20240809 15:22:18.902" rpa="false" schemaversion="3">
<suite id="s1" name="SearchByFilterProvince" source="C:\Users\User\Desktop\Final_Project\test_H2OProject\Test_search\SearchByFilterProvince.robot">
<test id="s1-t1" name="Open Browser get FilterByProvince" line="15">
<kw name="Open Browser" library="SeleniumLibrary">
<arg>${URL}</arg>
<arg>${BROWSER}</arg>
<doc>Opens a new browser instance to the optional ``url``.</doc>
<msg timestamp="20240809 15:22:19.176" level="INFO">Opening browser 'Edge' to base url 'http://localhost:5173'.</msg>
<msg timestamp="20240809 15:22:19.185" level="INFO">Executing: C:\Users\User\AppData\Local\Programs\Python\Python311\Lib\site-packages\selenium\webdriver\common\windows\selenium-manager.exe --browser edge --output json</msg>
<status status="PASS" starttime="20240809 15:22:19.175" endtime="20240809 15:22:22.993"/>
</kw>
<kw name="Maximize Browser Window" library="SeleniumLibrary">
<doc>Maximizes current browser window.</doc>
<status status="PASS" starttime="20240809 15:22:22.994" endtime="20240809 15:22:23.088"/>
</kw>
<kw name="FilterByProvince">
<kw name="Sleep" library="BuiltIn">
<arg>3s</arg>
<doc>Pauses the test executed for the given time.</doc>
<msg timestamp="20240809 15:22:26.091" level="INFO">Slept 3 seconds</msg>
<status status="PASS" starttime="20240809 15:22:23.090" endtime="20240809 15:22:26.091"/>
</kw>
<kw name="Scroll Element Into View" library="SeleniumLibrary">
<arg>${Scroll}</arg>
<doc>Scrolls the element identified by ``locator`` into view.</doc>
<status status="PASS" starttime="20240809 15:22:26.091" endtime="20240809 15:22:26.433"/>
</kw>
<kw name="Wait Until Element Is Visible" library="SeleniumLibrary">
<arg>${Scroll}</arg>
<arg>timeout=10s</arg>
<doc>Waits until the element ``locator`` is visible.</doc>
<status status="PASS" starttime="20240809 15:22:26.434" endtime="20240809 15:22:26.458"/>
</kw>
<kw name="Click Element" library="SeleniumLibrary">
<arg>${FilterProvince}</arg>
<doc>Click the element identified by ``locator``.</doc>
<msg timestamp="20240809 15:22:26.459" level="INFO">Clicking element 'id=สุพรรณบุรี'.</msg>
<status status="PASS" starttime="20240809 15:22:26.458" endtime="20240809 15:22:26.508"/>
</kw>
<kw name="Wait Until Element Is Visible" library="SeleniumLibrary">
<arg>${FilterProvince}</arg>
<arg>timeout=10s</arg>
<doc>Waits until the element ``locator`` is visible.</doc>
<status status="PASS" starttime="20240809 15:22:26.508" endtime="20240809 15:22:26.524"/>
</kw>
<kw name="Element Text Should Be" library="SeleniumLibrary">
<arg>${Province-HomeStay}</arg>
<arg>สุพรรณบุรี</arg>
<doc>Verifies that element ``locator`` contains exact the text ``expected``.</doc>
<msg timestamp="20240809 15:22:26.524" level="WARN">Keyword 'Element Text Should Be' found both from a custom library 'SeleniumLibrary' and a standard library 'XML'. The custom keyword is used. To select explicitly, and to get rid of this warning, use either 'SeleniumLibrary.Element Text Should Be' or 'XML.Element Text Should Be'.</msg>
<msg timestamp="20240809 15:22:26.526" level="INFO">Verifying element 'id=Province-HomeStay' contains exact text 'สุพรรณบุรี'.</msg>
<status status="PASS" starttime="20240809 15:22:26.524" endtime="20240809 15:22:26.546"/>
</kw>
<status status="PASS" starttime="20240809 15:22:23.090" endtime="20240809 15:22:26.546"/>
</kw>
<kw name="Create Screenshot Directory">
<kw name="Create Directory" library="OperatingSystem">
<arg>${SCREENSHOT_DIR}</arg>
<doc>Creates the specified directory.</doc>
<msg timestamp="20240809 15:22:26.547" level="INFO" html="true">Directory '&lt;a href="file://C:\Users\User\Desktop\Final_Project\test_H2OProject\Test_search\screenshots\FilterProvince"&gt;C:\Users\User\Desktop\Final_Project\test_H2OProject\Test_search\screenshots\FilterProvince&lt;/a&gt;' already exists.</msg>
<status status="PASS" starttime="20240809 15:22:26.547" endtime="20240809 15:22:26.548"/>
</kw>
<kw name="Remove Old Screenshots">
<kw name="List Files In Directory" library="OperatingSystem">
<var>${files}</var>
<arg>${SCREENSHOT_DIR}</arg>
<doc>Wrapper for `List Directory` that returns only files.</doc>
<msg timestamp="20240809 15:22:26.548" level="INFO" html="true">Listing contents of directory '&lt;a href="file://C:\Users\User\Desktop\Final_Project\test_H2OProject\Test_search\screenshots\FilterProvince"&gt;C:\Users\User\Desktop\Final_Project\test_H2OProject\Test_search\screenshots\FilterProvince&lt;/a&gt;'.</msg>
<msg timestamp="20240809 15:22:26.549" level="INFO">1 file:
screenshot_1722843550.png</msg>
<msg timestamp="20240809 15:22:26.549" level="INFO">${files} = ['screenshot_1722843550.png']</msg>
<status status="PASS" starttime="20240809 15:22:26.548" endtime="20240809 15:22:26.549"/>
</kw>
<for flavor="IN">
<var>${file}</var>
<value>@{files}</value>
<iter>
<var name="${file}">screenshot_1722843550.png</var>
<kw name="Remove File" library="OperatingSystem">
<arg>${SCREENSHOT_DIR}/${file}</arg>
<doc>Removes a file with the given path.</doc>
<msg timestamp="20240809 15:22:26.551" level="INFO" html="true">Removed file '&lt;a href="file://C:\Users\User\Desktop\Final_Project\test_H2OProject\Test_search\screenshots\FilterProvince\screenshot_1722843550.png"&gt;C:\Users\User\Desktop\Final_Project\test_H2OProject\Test_search\screenshots\FilterProvince\screenshot_1722843550.png&lt;/a&gt;'.</msg>
<status status="PASS" starttime="20240809 15:22:26.550" endtime="20240809 15:22:26.551"/>
</kw>
<status status="PASS" starttime="20240809 15:22:26.549" endtime="20240809 15:22:26.551"/>
</iter>
<status status="PASS" starttime="20240809 15:22:26.549" endtime="20240809 15:22:26.551"/>
</for>
<status status="PASS" starttime="20240809 15:22:26.548" endtime="20240809 15:22:26.551"/>
</kw>
<status status="PASS" starttime="20240809 15:22:26.547" endtime="20240809 15:22:26.551"/>
</kw>
<kw name="Capture Screenshot">
<kw name="Get Time" library="BuiltIn">
<var>${timestamp}</var>
<arg>epoch</arg>
<doc>Returns the given time in the requested format.</doc>
<msg timestamp="20240809 15:22:26.552" level="INFO">${timestamp} = 1723191746</msg>
<status status="PASS" starttime="20240809 15:22:26.552" endtime="20240809 15:22:26.552"/>
</kw>
<kw name="Set Variable" library="BuiltIn">
<var>${screenshot_path}</var>
<arg>${SCREENSHOT_DIR}/screenshot_${timestamp}.png</arg>
<doc>Returns the given values which can then be assigned to a variables.</doc>
<msg timestamp="20240809 15:22:26.552" level="INFO">${screenshot_path} = C:\Users\User\Desktop\Final_Project\test_H2OProject\Test_search/screenshots/FilterProvince/screenshot_1723191746.png</msg>
<status status="PASS" starttime="20240809 15:22:26.552" endtime="20240809 15:22:26.552"/>
</kw>
<kw name="Capture Page Screenshot" library="SeleniumLibrary">
<arg>${screenshot_path}</arg>
<doc>Takes a screenshot of the current page and embeds it into a log file.</doc>
<msg timestamp="20240809 15:22:26.989" level="INFO" html="true">&lt;/td&gt;&lt;/tr&gt;&lt;tr&gt;&lt;td colspan="3"&gt;&lt;a href="screenshots/FilterProvince/screenshot_1723191746.png"&gt;&lt;img src="screenshots/FilterProvince/screenshot_1723191746.png" width="800px"&gt;&lt;/a&gt;</msg>
<status status="PASS" starttime="20240809 15:22:26.552" endtime="20240809 15:22:26.989"/>
</kw>
<status status="PASS" starttime="20240809 15:22:26.552" endtime="20240809 15:22:26.989"/>
</kw>
<kw name="Close Browser" library="SeleniumLibrary">
<doc>Closes the current browser.</doc>
<status status="PASS" starttime="20240809 15:22:26.990" endtime="20240809 15:22:30.790"/>
</kw>
<status status="PASS" starttime="20240809 15:22:19.174" endtime="20240809 15:22:30.790"/>
</test>
<status status="PASS" starttime="20240809 15:22:18.904" endtime="20240809 15:22:30.792"/>
</suite>
<statistics>
<total>
<stat pass="1" fail="0" skip="0">All Tests</stat>
</total>
<tag>
</tag>
<suite>
<stat pass="1" fail="0" skip="0" id="s1" name="SearchByFilterProvince">SearchByFilterProvince</stat>
</suite>
</statistics>
<errors>
<msg timestamp="20240809 15:22:26.524" level="WARN">Keyword 'Element Text Should Be' found both from a custom library 'SeleniumLibrary' and a standard library 'XML'. The custom keyword is used. To select explicitly, and to get rid of this warning, use either 'SeleniumLibrary.Element Text Should Be' or 'XML.Element Text Should Be'.</msg>
</errors>
</robot>
