<?xml version="1.0" encoding="UTF-8"?>
<robot generator="Robot 6.0.2 (Python 3.11.4 on win32)" generated="20241027 19:51:14.910" rpa="false" schemaversion="3">
<suite id="s1" name="TestPayment" source="C:\Users\User\Desktop\Final_Project\Project\test_H2OProject\Test_Payment\TestPayment.robot">
<test id="s1-t1" name="TC12002 การชำระเงินแพ็คเกจ ผ่าน Visa" line="19">
<kw name="Open Browser" library="SeleniumLibrary">
<arg>${URL}</arg>
<arg>${BROWSER}</arg>
<doc>Opens a new browser instance to the optional ``url``.</doc>
<msg timestamp="20241027 19:51:15.106" level="INFO">Opening browser 'Edge' to base url 'http://47.129.247.9/'.</msg>
<msg timestamp="20241027 19:51:15.113" level="INFO">Executing: C:\Users\User\AppData\Local\Programs\Python\Python311\Lib\site-packages\selenium\webdriver\common\windows\selenium-manager.exe --browser edge --output json</msg>
<status status="PASS" starttime="20241027 19:51:15.105" endtime="20241027 19:51:19.463"/>
</kw>
<kw name="Maximize Browser Window" library="SeleniumLibrary">
<doc>Maximizes current browser window.</doc>
<status status="PASS" starttime="20241027 19:51:19.463" endtime="20241027 19:51:19.517"/>
</kw>
<kw name="LoginUser" library="keywords">
<kw name="Sleep" library="BuiltIn">
<arg>3s</arg>
<doc>Pauses the test executed for the given time.</doc>
<msg timestamp="20241027 19:51:22.520" level="INFO">Slept 3 seconds</msg>
<status status="PASS" starttime="20241027 19:51:19.519" endtime="20241027 19:51:22.520"/>
</kw>
<kw name="Click Element" library="SeleniumLibrary">
<arg>${GetStart}</arg>
<doc>Click the element identified by ``locator``.</doc>
<msg timestamp="20241027 19:51:22.520" level="INFO">Clicking element 'id=GetStarted'.</msg>
<status status="PASS" starttime="20241027 19:51:22.520" endtime="20241027 19:51:22.576"/>
</kw>
<kw name="Input Text" library="SeleniumLibrary">
<arg>${Email}</arg>
<arg>${UserEmail}</arg>
<doc>Types the given ``text`` into the text field identified by ``locator``.</doc>
<msg timestamp="20241027 19:51:22.576" level="INFO">Typing text 'Payterlon@gmail.com' into text field 'name=email'.</msg>
<status status="PASS" starttime="20241027 19:51:22.576" endtime="20241027 19:51:22.724"/>
</kw>
<kw name="Input Text" library="SeleniumLibrary">
<arg>${Password}</arg>
<arg>${UserPassword}</arg>
<doc>Types the given ``text`` into the text field identified by ``locator``.</doc>
<msg timestamp="20241027 19:51:22.725" level="INFO">Typing text 'Guyzaza12!' into text field 'name=password'.</msg>
<status status="PASS" starttime="20241027 19:51:22.724" endtime="20241027 19:51:22.876"/>
</kw>
<kw name="Click Element" library="SeleniumLibrary">
<arg>${Login}</arg>
<doc>Click the element identified by ``locator``.</doc>
<msg timestamp="20241027 19:51:22.877" level="INFO">Clicking element 'id=Login'.</msg>
<status status="PASS" starttime="20241027 19:51:22.876" endtime="20241027 19:51:22.937"/>
</kw>
<kw name="Sleep" library="BuiltIn">
<arg>5s</arg>
<doc>Pauses the test executed for the given time.</doc>
<msg timestamp="20241027 19:51:27.938" level="INFO">Slept 5 seconds</msg>
<status status="PASS" starttime="20241027 19:51:22.937" endtime="20241027 19:51:27.938"/>
</kw>
<status status="PASS" starttime="20241027 19:51:19.518" endtime="20241027 19:51:27.939"/>
</kw>
<kw name="Search by Package" library="keywords">
<kw name="Click Button" library="SeleniumLibrary">
<arg>${SelectPackage}</arg>
<doc>Clicks the button identified by ``locator``.</doc>
<msg timestamp="20241027 19:51:27.940" level="INFO">Clicking button 'id=button-homestaySearch-noSelect'.</msg>
<status status="PASS" starttime="20241027 19:51:27.940" endtime="20241027 19:51:27.994"/>
</kw>
<kw name="Click Button" library="SeleniumLibrary">
<arg>${People}</arg>
<doc>Clicks the button identified by ``locator``.</doc>
<msg timestamp="20241027 19:51:27.995" level="INFO">Clicking button 'id=people-buttonHomstay'.</msg>
<status status="PASS" starttime="20241027 19:51:27.994" endtime="20241027 19:51:28.044"/>
</kw>
<kw name="Click Button" library="SeleniumLibrary">
<arg>${Young}</arg>
<doc>Clicks the button identified by ``locator``.</doc>
<msg timestamp="20241027 19:51:28.045" level="INFO">Clicking button 'id=Increase[1]'.</msg>
<status status="PASS" starttime="20241027 19:51:28.044" endtime="20241027 19:51:28.091"/>
</kw>
<kw name="Click Button" library="SeleniumLibrary">
<arg>${Date}</arg>
<doc>Clicks the button identified by ``locator``.</doc>
<msg timestamp="20241027 19:51:28.091" level="INFO">Clicking button 'id=date-buttonHomstay'.</msg>
<status status="PASS" starttime="20241027 19:51:28.091" endtime="20241027 19:51:28.158"/>
</kw>
<kw name="Click Button" library="SeleniumLibrary">
<arg>${Package-Start}</arg>
<doc>Clicks the button identified by ``locator``.</doc>
<msg timestamp="20241027 19:51:28.159" level="INFO">Clicking button 'xpath=//*[@id="Calendar"]/div/div[2]/div/div/div/div[2]/button[33]'.</msg>
<status status="PASS" starttime="20241027 19:51:28.159" endtime="20241027 19:51:28.229"/>
</kw>
<kw name="Click Button" library="SeleniumLibrary">
<arg>${Package-End}</arg>
<doc>Clicks the button identified by ``locator``.</doc>
<msg timestamp="20241027 19:51:28.230" level="INFO">Clicking button 'xpath=//*[@id="Calendar"]/div/div[2]/div/div/div/div[2]/button[34]'.</msg>
<status status="PASS" starttime="20241027 19:51:28.229" endtime="20241027 19:51:28.305"/>
</kw>
<kw name="Click Element" library="SeleniumLibrary">
<arg>${Search}</arg>
<doc>Click the element identified by ``locator``.</doc>
<msg timestamp="20241027 19:51:28.306" level="INFO">Clicking element 'id=search-Homestay'.</msg>
<status status="PASS" starttime="20241027 19:51:28.305" endtime="20241027 19:51:28.402"/>
</kw>
<kw name="Sleep" library="BuiltIn">
<arg>5s</arg>
<doc>Pauses the test executed for the given time.</doc>
<msg timestamp="20241027 19:51:33.403" level="INFO">Slept 5 seconds</msg>
<status status="PASS" starttime="20241027 19:51:28.403" endtime="20241027 19:51:33.403"/>
</kw>
<kw name="Click Element" library="SeleniumLibrary">
<arg>${Package}</arg>
<doc>Click the element identified by ``locator``.</doc>
<msg timestamp="20241027 19:51:33.403" level="INFO">Clicking element 'xpath=//*[@id="default-carousel"]/div/div[1]/img'.</msg>
<status status="PASS" starttime="20241027 19:51:33.403" endtime="20241027 19:51:33.455"/>
</kw>
<status status="PASS" starttime="20241027 19:51:27.939" endtime="20241027 19:51:33.455"/>
</kw>
<kw name="Choose Package" library="keywords">
<kw name="Sleep" library="BuiltIn">
<arg>5s</arg>
<doc>Pauses the test executed for the given time.</doc>
<msg timestamp="20241027 19:51:38.457" level="INFO">Slept 5 seconds</msg>
<status status="PASS" starttime="20241027 19:51:33.456" endtime="20241027 19:51:38.457"/>
</kw>
<kw name="Scroll Element Into View" library="SeleniumLibrary">
<arg>${ScrollPackage}</arg>
<doc>Scrolls the element identified by ``locator`` into view.</doc>
<status status="PASS" starttime="20241027 19:51:38.457" endtime="20241027 19:51:38.743"/>
</kw>
<kw name="Click Button" library="SeleniumLibrary">
<arg>${bookingPackage}</arg>
<doc>Clicks the button identified by ``locator``.</doc>
<msg timestamp="20241027 19:51:38.744" level="INFO">Clicking button 'id=btn-makePayment'.</msg>
<status status="PASS" starttime="20241027 19:51:38.744" endtime="20241027 19:51:38.791"/>
</kw>
<status status="PASS" starttime="20241027 19:51:33.456" endtime="20241027 19:51:38.791"/>
</kw>
<kw name="Payment" library="keywords">
<kw name="Wait Until Element Is Visible" library="SeleniumLibrary">
<arg>${CardNumber}</arg>
<doc>Waits until the element ``locator`` is visible.</doc>
<status status="PASS" starttime="20241027 19:51:38.792" endtime="20241027 19:51:41.140"/>
</kw>
<kw name="Input Text" library="SeleniumLibrary">
<arg>${CardNumber}</arg>
<arg>4242 4242 4242 4242</arg>
<doc>Types the given ``text`` into the text field identified by ``locator``.</doc>
<msg timestamp="20241027 19:51:41.141" level="INFO">Typing text '4242 4242 4242 4242' into text field 'id=cardNumber'.</msg>
<status status="PASS" starttime="20241027 19:51:41.141" endtime="20241027 19:51:42.012"/>
</kw>
<kw name="Input Text" library="SeleniumLibrary">
<arg>${CardExpiry}</arg>
<arg>0528</arg>
<doc>Types the given ``text`` into the text field identified by ``locator``.</doc>
<msg timestamp="20241027 19:51:42.013" level="INFO">Typing text '0528' into text field 'id=cardExpiry'.</msg>
<status status="PASS" starttime="20241027 19:51:42.012" endtime="20241027 19:51:42.256"/>
</kw>
<kw name="Input Text" library="SeleniumLibrary">
<arg>${CardCvc}</arg>
<arg>121</arg>
<doc>Types the given ``text`` into the text field identified by ``locator``.</doc>
<msg timestamp="20241027 19:51:42.258" level="INFO">Typing text '121' into text field 'id=cardCvc'.</msg>
<status status="PASS" starttime="20241027 19:51:42.257" endtime="20241027 19:51:42.480"/>
</kw>
<kw name="Input Text" library="SeleniumLibrary">
<arg>${CardName}</arg>
<arg>Suttiguy</arg>
<doc>Types the given ``text`` into the text field identified by ``locator``.</doc>
<msg timestamp="20241027 19:51:42.481" level="INFO">Typing text 'Suttiguy' into text field 'id=billingName'.</msg>
<status status="PASS" starttime="20241027 19:51:42.480" endtime="20241027 19:51:42.776"/>
</kw>
<kw name="Scroll Element Into View" library="SeleniumLibrary">
<arg>${Pay}</arg>
<doc>Scrolls the element identified by ``locator`` into view.</doc>
<status status="PASS" starttime="20241027 19:51:42.777" endtime="20241027 19:51:43.085"/>
</kw>
<kw name="Click Element" library="SeleniumLibrary">
<arg>${Pay}</arg>
<doc>Click the element identified by ``locator``.</doc>
<msg timestamp="20241027 19:51:43.086" level="INFO">Clicking element 'xpath=//*[@id="root"]/div/div/div[2]/main/div/form/div[1]/div/div/div[3]/div/div[3]/button/div[3]'.</msg>
<status status="PASS" starttime="20241027 19:51:43.085" endtime="20241027 19:51:43.226"/>
</kw>
<status status="PASS" starttime="20241027 19:51:38.791" endtime="20241027 19:51:43.227"/>
</kw>
<kw name="check Payment" library="keywords">
<kw name="Sleep" library="BuiltIn">
<arg>5s</arg>
<doc>Pauses the test executed for the given time.</doc>
<msg timestamp="20241027 19:51:48.228" level="INFO">Slept 5 seconds</msg>
<status status="PASS" starttime="20241027 19:51:43.228" endtime="20241027 19:51:48.228"/>
</kw>
<kw name="Wait Until Element Is Enabled" library="SeleniumLibrary">
<arg>${Checkbill}</arg>
<doc>Waits until the element ``locator`` is enabled.</doc>
<status status="PASS" starttime="20241027 19:51:48.229" endtime="20241027 19:51:48.257"/>
</kw>
<kw name="Element Should Be Visible" library="SeleniumLibrary">
<arg>${Checkbill}</arg>
<arg>การชำระเงินของคุณได้รับการดำเนินการเรียบร้อยแล้ว</arg>
<doc>Verifies that the element identified by ``locator`` is visible.</doc>
<msg timestamp="20241027 19:51:48.273" level="INFO">Element 'xpath=//*[@id="root"]/div[3]/div' is displayed.</msg>
<status status="PASS" starttime="20241027 19:51:48.257" endtime="20241027 19:51:48.273"/>
</kw>
<status status="PASS" starttime="20241027 19:51:43.227" endtime="20241027 19:51:48.273"/>
</kw>
<kw name="Capture Screenshot" library="keywords">
<kw name="Sleep" library="BuiltIn">
<arg>5s</arg>
<doc>Pauses the test executed for the given time.</doc>
<msg timestamp="20241027 19:51:53.275" level="INFO">Slept 5 seconds</msg>
<status status="PASS" starttime="20241027 19:51:48.275" endtime="20241027 19:51:53.275"/>
</kw>
<kw name="Get Time" library="BuiltIn">
<var>${timestamp}</var>
<arg>epoch</arg>
<doc>Returns the given time in the requested format.</doc>
<msg timestamp="20241027 19:51:53.275" level="INFO">${timestamp} = 1730033513</msg>
<status status="PASS" starttime="20241027 19:51:53.275" endtime="20241027 19:51:53.275"/>
</kw>
<kw name="Set Variable" library="BuiltIn">
<var>${screenshot_path}</var>
<arg>${SCREENSHOT_DIR}/screenshot_${timestamp}.png</arg>
<doc>Returns the given values which can then be assigned to a variables.</doc>
<msg timestamp="20241027 19:51:53.275" level="INFO">${screenshot_path} = C:\Users\User\Desktop\Final_Project\Project\test_H2OProject\Test_Payment/screenshots/Payment/screenshot_1730033513.png</msg>
<status status="PASS" starttime="20241027 19:51:53.275" endtime="20241027 19:51:53.275"/>
</kw>
<kw name="Capture Page Screenshot" library="SeleniumLibrary">
<arg>${screenshot_path}</arg>
<doc>Takes a screenshot of the current page and embeds it into a log file.</doc>
<msg timestamp="20241027 19:51:53.372" level="INFO" html="true">&lt;/td&gt;&lt;/tr&gt;&lt;tr&gt;&lt;td colspan="3"&gt;&lt;a href="screenshots/Payment/screenshot_1730033513.png"&gt;&lt;img src="screenshots/Payment/screenshot_1730033513.png" width="800px"&gt;&lt;/a&gt;</msg>
<status status="PASS" starttime="20241027 19:51:53.275" endtime="20241027 19:51:53.373"/>
</kw>
<status status="PASS" starttime="20241027 19:51:48.273" endtime="20241027 19:51:53.373"/>
</kw>
<kw name="Close Browser" library="SeleniumLibrary">
<doc>Closes the current browser.</doc>
<status status="PASS" starttime="20241027 19:51:53.373" endtime="20241027 19:51:55.594"/>
</kw>
<status status="PASS" starttime="20241027 19:51:15.105" endtime="20241027 19:51:55.594"/>
</test>
<status status="PASS" starttime="20241027 19:51:14.911" endtime="20241027 19:51:55.596"/>
</suite>
<statistics>
<total>
<stat pass="1" fail="0" skip="0">All Tests</stat>
</total>
<tag>
</tag>
<suite>
<stat pass="1" fail="0" skip="0" id="s1" name="TestPayment">TestPayment</stat>
</suite>
</statistics>
<errors>
</errors>
</robot>
