<?xml version="1.0" encoding="UTF-8"?>
<robot generator="Robot 6.0.2 (Python 3.11.4 on win32)" generated="20241009 00:22:51.510" rpa="false" schemaversion="3">
<suite id="s1" name="TestPayment" source="C:\Users\User\Desktop\Final_Project\test_H2OProject\Test_Payment\TestPayment.robot">
<test id="s1-t1" name="TC12001 การชำระเงินที่พัก ผ่าน Visa" line="8">
<kw name="Open Browser" library="SeleniumLibrary">
<arg>${URL}</arg>
<arg>${BROWSER}</arg>
<doc>Opens a new browser instance to the optional ``url``.</doc>
<msg timestamp="20241009 00:22:51.730" level="INFO">Opening browser 'Edge' to base url 'https://h2-o-project-two.vercel.app'.</msg>
<msg timestamp="20241009 00:22:51.740" level="INFO">Executing: C:\Users\User\AppData\Local\Programs\Python\Python311\Lib\site-packages\selenium\webdriver\common\windows\selenium-manager.exe --browser edge --output json</msg>
<status status="PASS" starttime="20241009 00:22:51.730" endtime="20241009 00:23:35.699"/>
</kw>
<kw name="Maximize Browser Window" library="SeleniumLibrary">
<doc>Maximizes current browser window.</doc>
<status status="PASS" starttime="20241009 00:23:35.699" endtime="20241009 00:23:35.747"/>
</kw>
<kw name="LoginUser" library="keywords">
<kw name="Sleep" library="BuiltIn">
<arg>3s</arg>
<doc>Pauses the test executed for the given time.</doc>
<msg timestamp="20241009 00:23:38.749" level="INFO">Slept 3 seconds</msg>
<status status="PASS" starttime="20241009 00:23:35.748" endtime="20241009 00:23:38.749"/>
</kw>
<kw name="Click Element" library="SeleniumLibrary">
<arg>${GetStart}</arg>
<doc>Click the element identified by ``locator``.</doc>
<msg timestamp="20241009 00:23:38.750" level="INFO">Clicking element 'id=GetStarted'.</msg>
<status status="PASS" starttime="20241009 00:23:38.749" endtime="20241009 00:23:38.812"/>
</kw>
<kw name="Input Text" library="SeleniumLibrary">
<arg>${Email}</arg>
<arg>${UserEmail}</arg>
<doc>Types the given ``text`` into the text field identified by ``locator``.</doc>
<msg timestamp="20241009 00:23:38.813" level="INFO">Typing text 'Payterlon@gmail.com' into text field 'name=email'.</msg>
<status status="PASS" starttime="20241009 00:23:38.812" endtime="20241009 00:23:38.937"/>
</kw>
<kw name="Input Text" library="SeleniumLibrary">
<arg>${Password}</arg>
<arg>${UserPassword}</arg>
<doc>Types the given ``text`` into the text field identified by ``locator``.</doc>
<msg timestamp="20241009 00:23:38.938" level="INFO">Typing text 'Guyzaza12!' into text field 'name=password'.</msg>
<status status="PASS" starttime="20241009 00:23:38.937" endtime="20241009 00:23:39.076"/>
</kw>
<kw name="Click Element" library="SeleniumLibrary">
<arg>${Login}</arg>
<doc>Click the element identified by ``locator``.</doc>
<msg timestamp="20241009 00:23:39.077" level="INFO">Clicking element 'id=Login'.</msg>
<status status="PASS" starttime="20241009 00:23:39.076" endtime="20241009 00:23:39.122"/>
</kw>
<kw name="Sleep" library="BuiltIn">
<arg>5s</arg>
<doc>Pauses the test executed for the given time.</doc>
<msg timestamp="20241009 00:23:44.124" level="INFO">Slept 5 seconds</msg>
<status status="PASS" starttime="20241009 00:23:39.123" endtime="20241009 00:23:44.124"/>
</kw>
<status status="PASS" starttime="20241009 00:23:35.748" endtime="20241009 00:23:44.124"/>
</kw>
<kw name="Search by Province" library="keywords">
<kw name="Click Button" library="SeleniumLibrary">
<arg>${People}</arg>
<doc>Clicks the button identified by ``locator``.</doc>
<msg timestamp="20241009 00:23:44.126" level="INFO">Clicking button 'id=people-buttonHomstay'.</msg>
<status status="PASS" starttime="20241009 00:23:44.126" endtime="20241009 00:23:44.179"/>
</kw>
<kw name="Click Button" library="SeleniumLibrary">
<arg>${Young}</arg>
<doc>Clicks the button identified by ``locator``.</doc>
<msg timestamp="20241009 00:23:44.180" level="INFO">Clicking button 'id=Increase[1]'.</msg>
<status status="PASS" starttime="20241009 00:23:44.179" endtime="20241009 00:23:44.228"/>
</kw>
<kw name="Click Button" library="SeleniumLibrary">
<arg>${Date}</arg>
<doc>Clicks the button identified by ``locator``.</doc>
<msg timestamp="20241009 00:23:44.229" level="INFO">Clicking button 'id=date-buttonHomstay'.</msg>
<status status="PASS" starttime="20241009 00:23:44.229" endtime="20241009 00:23:44.291"/>
</kw>
<kw name="Click Button" library="SeleniumLibrary">
<arg>${Date-Start}</arg>
<doc>Clicks the button identified by ``locator``.</doc>
<msg timestamp="20241009 00:23:44.291" level="INFO">Clicking button 'xpath=//*[@id="Calendar"]/div/div[2]/div/div/div/div[2]/button[28]'.</msg>
<status status="PASS" starttime="20241009 00:23:44.291" endtime="20241009 00:23:44.351"/>
</kw>
<kw name="Click Button" library="SeleniumLibrary">
<arg>${Date-End}</arg>
<doc>Clicks the button identified by ``locator``.</doc>
<msg timestamp="20241009 00:23:44.352" level="INFO">Clicking button 'xpath=//*[@id="Calendar"]/div/div[2]/div/div/div/div[2]/button[29]'.</msg>
<status status="PASS" starttime="20241009 00:23:44.351" endtime="20241009 00:23:44.412"/>
</kw>
<kw name="Wait Until Element Is Visible" library="SeleniumLibrary">
<arg>${NameSearch}</arg>
<arg>2s</arg>
<doc>Waits until the element ``locator`` is visible.</doc>
<status status="PASS" starttime="20241009 00:23:44.412" endtime="20241009 00:23:44.579"/>
</kw>
<kw name="Click Element" library="SeleniumLibrary">
<arg>${NameSearch}</arg>
<doc>Click the element identified by ``locator``.</doc>
<msg timestamp="20241009 00:23:44.579" level="INFO">Clicking element 'id=search-text'.</msg>
<status status="PASS" starttime="20241009 00:23:44.579" endtime="20241009 00:23:44.612"/>
</kw>
<kw name="Input Text" library="SeleniumLibrary">
<arg>${NameSearch}</arg>
<arg>${InputSearchProvince}</arg>
<doc>Types the given ``text`` into the text field identified by ``locator``.</doc>
<msg timestamp="20241009 00:23:44.613" level="INFO">Typing text 'สุพรรณบุรี' into text field 'id=search-text'.</msg>
<status status="PASS" starttime="20241009 00:23:44.612" endtime="20241009 00:23:44.672"/>
</kw>
<kw name="Click Element" library="SeleniumLibrary">
<arg>${Search}</arg>
<doc>Click the element identified by ``locator``.</doc>
<msg timestamp="20241009 00:23:44.673" level="INFO">Clicking element 'id=search-Homestay'.</msg>
<status status="PASS" starttime="20241009 00:23:44.673" endtime="20241009 00:23:44.735"/>
</kw>
<kw name="Sleep" library="BuiltIn">
<arg>5s</arg>
<doc>Pauses the test executed for the given time.</doc>
<msg timestamp="20241009 00:23:49.736" level="INFO">Slept 5 seconds</msg>
<status status="PASS" starttime="20241009 00:23:44.736" endtime="20241009 00:23:49.736"/>
</kw>
<kw name="Click Element" library="SeleniumLibrary">
<arg>${Homestay}</arg>
<doc>Click the element identified by ``locator``.</doc>
<msg timestamp="20241009 00:23:49.736" level="INFO">Clicking element 'id=default-carousel'.</msg>
<status status="PASS" starttime="20241009 00:23:49.736" endtime="20241009 00:23:49.796"/>
</kw>
<status status="PASS" starttime="20241009 00:23:44.125" endtime="20241009 00:23:49.796"/>
</kw>
<kw name="Choose the room booking" library="keywords">
<kw name="Sleep" library="BuiltIn">
<arg>5s</arg>
<doc>Pauses the test executed for the given time.</doc>
<msg timestamp="20241009 00:23:54.798" level="INFO">Slept 5 seconds</msg>
<status status="PASS" starttime="20241009 00:23:49.797" endtime="20241009 00:23:54.798"/>
</kw>
<kw name="Scroll Element Into View" library="SeleniumLibrary">
<arg>${Scroll}</arg>
<doc>Scrolls the element identified by ``locator`` into view.</doc>
<status status="PASS" starttime="20241009 00:23:54.798" endtime="20241009 00:23:55.093"/>
</kw>
<kw name="Click Button" library="SeleniumLibrary">
<arg>${bookingHomestay}</arg>
<doc>Clicks the button identified by ``locator``.</doc>
<msg timestamp="20241009 00:23:55.094" level="INFO">Clicking button 'xpath=//*[@id="detailTypeRoom"]/div/div/div[2]/div/div[2]/div/div/div[4]/button'.</msg>
<status status="PASS" starttime="20241009 00:23:55.093" endtime="20241009 00:23:55.169"/>
</kw>
<status status="PASS" starttime="20241009 00:23:49.797" endtime="20241009 00:23:55.170"/>
</kw>
<kw name="Payment" library="keywords">
<kw name="Wait Until Element Is Visible" library="SeleniumLibrary">
<arg>${Payment}</arg>
<arg>5s</arg>
<doc>Waits until the element ``locator`` is visible.</doc>
<status status="PASS" starttime="20241009 00:23:55.170" endtime="20241009 00:23:55.190"/>
</kw>
<kw name="Click Button" library="SeleniumLibrary">
<arg>${Payment}</arg>
<doc>Clicks the button identified by ``locator``.</doc>
<msg timestamp="20241009 00:23:55.191" level="INFO">Clicking button 'xpath=//*[@id="root"]/div[3]/div[2]/div/div/div[1]/div[3]/div/div[4]/button'.</msg>
<status status="PASS" starttime="20241009 00:23:55.190" endtime="20241009 00:23:55.251"/>
</kw>
<kw name="Wait Until Element Is Visible" library="SeleniumLibrary">
<arg>${CardNumber}</arg>
<arg>4s</arg>
<doc>Waits until the element ``locator`` is visible.</doc>
<status status="PASS" starttime="20241009 00:23:55.252" endtime="20241009 00:23:57.666"/>
</kw>
<kw name="Input Text" library="SeleniumLibrary">
<arg>${CardNumber}</arg>
<arg>4242 4242 4242 4242</arg>
<doc>Types the given ``text`` into the text field identified by ``locator``.</doc>
<msg timestamp="20241009 00:23:57.666" level="INFO">Typing text '4242 4242 4242 4242' into text field 'id=cardNumber'.</msg>
<status status="PASS" starttime="20241009 00:23:57.666" endtime="20241009 00:23:58.143"/>
</kw>
<kw name="Input Text" library="SeleniumLibrary">
<arg>${CardExpiry}</arg>
<arg>0528</arg>
<doc>Types the given ``text`` into the text field identified by ``locator``.</doc>
<msg timestamp="20241009 00:23:58.144" level="INFO">Typing text '0528' into text field 'id=cardExpiry'.</msg>
<status status="PASS" starttime="20241009 00:23:58.144" endtime="20241009 00:23:58.268"/>
</kw>
<kw name="Input Text" library="SeleniumLibrary">
<arg>${CardCvc}</arg>
<arg>121</arg>
<doc>Types the given ``text`` into the text field identified by ``locator``.</doc>
<msg timestamp="20241009 00:23:58.269" level="INFO">Typing text '121' into text field 'id=cardCvc'.</msg>
<status status="PASS" starttime="20241009 00:23:58.268" endtime="20241009 00:23:58.397"/>
</kw>
<kw name="Input Text" library="SeleniumLibrary">
<arg>${CardName}</arg>
<arg>Suttiguy</arg>
<doc>Types the given ``text`` into the text field identified by ``locator``.</doc>
<msg timestamp="20241009 00:23:58.398" level="INFO">Typing text 'Suttiguy' into text field 'id=billingName'.</msg>
<status status="PASS" starttime="20241009 00:23:58.397" endtime="20241009 00:23:58.586"/>
</kw>
<kw name="Click Element" library="SeleniumLibrary">
<arg>${Pay}</arg>
<doc>Click the element identified by ``locator``.</doc>
<msg timestamp="20241009 00:23:58.587" level="INFO">Clicking element 'xpath=//*[@id="root"]/div/div/div[2]/main/div/form/div[1]/div/div/div[3]/div/div[3]/button/div[3]'.</msg>
<status status="PASS" starttime="20241009 00:23:58.586" endtime="20241009 00:23:58.688"/>
</kw>
<status status="PASS" starttime="20241009 00:23:55.170" endtime="20241009 00:23:58.689"/>
</kw>
<kw name="Capture Screenshot" library="keywords">
<kw name="Sleep" library="BuiltIn">
<arg>5s</arg>
<doc>Pauses the test executed for the given time.</doc>
<msg timestamp="20241009 00:24:03.691" level="INFO">Slept 5 seconds</msg>
<status status="PASS" starttime="20241009 00:23:58.690" endtime="20241009 00:24:03.691"/>
</kw>
<kw name="Get Time" library="BuiltIn">
<var>${timestamp}</var>
<arg>epoch</arg>
<doc>Returns the given time in the requested format.</doc>
<msg timestamp="20241009 00:24:03.692" level="INFO">${timestamp} = 1728408243</msg>
<status status="PASS" starttime="20241009 00:24:03.691" endtime="20241009 00:24:03.692"/>
</kw>
<kw name="Set Variable" library="BuiltIn">
<var>${screenshot_path}</var>
<arg>${SCREENSHOT_DIR}/screenshot_${timestamp}.png</arg>
<doc>Returns the given values which can then be assigned to a variables.</doc>
<msg timestamp="20241009 00:24:03.693" level="INFO">${screenshot_path} = C:\Users\User\Desktop\Final_Project\test_H2OProject\Test_Payment/screenshots/Payment/screenshot_1728408243.png</msg>
<status status="PASS" starttime="20241009 00:24:03.692" endtime="20241009 00:24:03.693"/>
</kw>
<kw name="Capture Page Screenshot" library="SeleniumLibrary">
<arg>${screenshot_path}</arg>
<doc>Takes a screenshot of the current page and embeds it into a log file.</doc>
<msg timestamp="20241009 00:24:04.064" level="INFO" html="true">&lt;/td&gt;&lt;/tr&gt;&lt;tr&gt;&lt;td colspan="3"&gt;&lt;a href="screenshots/Payment/screenshot_1728408243.png"&gt;&lt;img src="screenshots/Payment/screenshot_1728408243.png" width="800px"&gt;&lt;/a&gt;</msg>
<status status="PASS" starttime="20241009 00:24:03.693" endtime="20241009 00:24:04.064"/>
</kw>
<status status="PASS" starttime="20241009 00:23:58.689" endtime="20241009 00:24:04.065"/>
</kw>
<status status="PASS" starttime="20241009 00:22:51.729" endtime="20241009 00:24:04.065"/>
</test>
<status status="PASS" starttime="20241009 00:22:51.512" endtime="20241009 00:24:04.067"/>
</suite>
<statistics>
<total>
<stat pass="1" fail="0" skip="0">All Tests</stat>
</total>
<tag>
</tag>
<suite>
<stat pass="1" fail="0" skip="0" id="s1" name="TestPayment">TestPayment</stat>
</suite>
</statistics>
<errors>
</errors>
</robot>
